2024-11-09 13:32:16.413 - [ 12929] - [     1] - ERROR - [Unity.Licensing.Client.Services.PeriodicBorrowFeatureStatusService] Could not initialize the floating licensing service: Invalid servicesConfiguration for licensing. Make sure the licensingServiceBaseUrl servicesConfiguration is a valid URL
2024-11-09 13:32:16.455 - [ 12929] - [     1] - INFO  - [Unity.Licensing.Client.Program] cloudEnvironment: production
2024-11-09 13:32:16.456 - [ 12929] - [     1] - INFO  - [Unity.Licensing.Client.Program] Client product version: 1.15.8+6332f58
2024-11-09 13:32:16.456 - [ 12929] - [     1] - INFO  - [Unity.Licensing.Client.Program] Client assembly version: 1.15.8.0
2024-11-09 13:32:16.456 - [ 12929] - [     1] - INFO  - [Unity.Licensing.Client.Program] File version: 1.15.8 (/opt/unityhub/UnityLicensingClient_V1/Unity.Licensing.Client.dll)
2024-11-09 13:32:16.456 - [ 12929] - [     1] - INFO  - [Unity.Licensing.Client.Program] Current OS: Linux 6.11.6-arch1-1 #1 SMP PREEMPT_DYNAMIC Fri, 01 Nov 2024 03:30:41 +0000
2024-11-09 13:32:16.456 - [ 12929] - [     1] - INFO  - [Unity.Licensing.Client.Program] Command line arguments:  --namedPipe Unity-LicenseClient-lufimio --cloudEnvironment production
2024-11-09 13:32:16.458 - [ 12929] - [     1] - INFO  - [Unity.Licensing.Client.Program] Analytics CorrelationId: ff5dc2cc507fd659690dd5fa8279a59e
2024-11-09 13:32:16.461 - [ 12929] - [    13] - INFO  - [Unity.Licensing.Client.PipeServerExecutor] GlobalMutex Unity-LicenseClient-lufimio created (on thread: 13)
2024-11-09 13:32:16.461 - [ 12929] - [     1] - WARN  - [Unity.Licensing.Client.Services.LicensingOrchestrator] Floating licensing service disabled: Invalid servicesConfiguration for licensing. Make sure the licensingServiceBaseUrl servicesConfiguration is a valid URL
2024-11-09 13:32:16.462 - [ 12929] - [     1] - WARN  - [Unity.Licensing.Client.Services.LicensingOrchestrator] Licensing replication disabled: Failed to acquire Licensing Service URL from configuration under configuration key: licensingServiceBaseUrl
2024-11-09 13:32:16.464 - [ 12929] - [     1] - INFO  - [Unity.Licensing.Client.Services.EntitlementResolverProvider] Rebuilding resolvers from local files:  
2024-11-09 13:32:16.465 - [ 12929] - [     1] - INFO  - [Unity.Licensing.Client.Services.EntitlementResolverProvider] Processed 0 license files in 00:00:00.0003070
2024-11-09 13:32:16.472 - [ 12929] - [     1] - INFO  - [Unity.Licensing.Client.Services.Replication.InactiveLicenseFileCleaner] Start cleaning expired and inactive license file(s): 

2024-11-09 13:32:16.472 - [ 12929] - [     1] - INFO  - [Unity.Licensing.Client.Services.Replication.InactiveLicenseFileCleaner] Cleanup finished successfully, deleted 0 expired license file(s)
2024-11-09 13:32:16.472 - [ 12929] - [     1] - WARN  - [Unity.Licensing.Client.Services.LicensingOrchestrator] Unable to find valid licenses and remote licensing service is not configured
2024-11-09 13:32:16.477 - [ 12929] - [    15] - INFO  - [Unity.Licensing.Client.Services.Package.PackageEnforcer] Trying to update PACL ...
2024-11-09 13:32:16.479 - [ 12929] - [     8] - INFO  - [Unity.Licensing.Client.MultiClientPipeServer] Starting named pipe server (on thread: 8)
2024-11-09 13:32:16.481 - [ 12929] - [    15] - INFO  - [Unity.Licensing.Client.Services.Package.PackageService] Getting PACL from remote uri: "https://license.unity3d.com/licenses/v1/packages/acl" ...
2024-11-09 13:32:16.481 - [ 12929] - [     8] - INFO  - [Unity.Licensing.Client.MultiClientPipeServer] Named pipe server started
2024-11-09 13:32:16.482 - [ 12929] - [.NET Long Running Task] - INFO  - [Unity.Licensing.Client.MultiClientPipeServer] Waiting for a connection (pipe #1)
2024-11-09 13:32:16.482 - [ 12929] - [     8] - INFO  - [Unity.Licensing.Client.Communication.Notifications.NotificationsPipeServer] Starting named pipe server (on thread: 8)
2024-11-09 13:32:16.482 - [ 12929] - [     8] - INFO  - [Unity.Licensing.Client.Communication.Notifications.NotificationsPipeServer] Named pipe server started
2024-11-09 13:32:16.482 - [ 12929] - [.NET Long Running Task] - INFO  - [Unity.Licensing.Client.Communication.Notifications.NotificationsPipeServer] Waiting for a connection (pipe #1)
2024-11-09 13:32:16.543 - [ 12929] - [.NET Long Running Task] - INFO  - [Unity.Licensing.Client.MultiClientPipeServer] Waiting for a connection (pipe #2)
2024-11-09 13:32:16.547 - [ 12929] - [    11] - INFO  - [Unity.Licensing.Client.Communication.ApiPipeHandler#1] new pipe session: 35c3c8f08f1c42c5943edcdbfaf90a40
2024-11-09 13:32:16.549 - [ 12929] - [    11] - INFO  - [Unity.Licensing.Client.MultiClientPipeServer] A new client is connecting (pipe #1)
2024-11-09 13:32:16.550 - [ 12929] - [    11] - INFO  - [Unity.Licensing.Client.Communication.ApiPipeHandler#1] Start accepting requests
2024-11-09 13:32:16.554 - [ 12929] - [    16] - INFO  - [Unity.Licensing.Client.Configuration.ClientConfigurationLoader] Downloaded remote config from: "https://public-cdn.cloud.unity3d.com/config/production"
2024-11-09 13:32:16.561 - [ 12929] - [    16] - INFO  - [Unity.Licensing.Client.Configuration.ClientConfigurationLoader] Unity remote config is updated: "/home/lufimio/.config/unity3d/Unity/config/production.json"
2024-11-09 13:32:16.573 - [ 12929] - [    11] - INFO  - [Unity.Licensing.Client.Communication.Controllers.HandshakeController] Received handshake from: Hub 3.9.1 (LocalIPC/1.15.8)
2024-11-09 13:32:16.580 - [ 12929] - [    11] - INFO  - [Unity.Licensing.Client.Communication.ApiPipeHandler#1] REQ-1 | Sending HandshakeResponse for request HandshakeRequest from Hub 3.9.1 (LocalIPC/1.15.8) [200]:  Handshake successful
2024-11-09 13:32:16.584 - [ 12929] - [.NET Long Running Task] - INFO  - [Unity.Licensing.Client.Communication.Notifications.NotificationsPipeServer] Waiting for a connection (pipe #2)
2024-11-09 13:32:16.585 - [ 12929] - [     6] - INFO  - [Unity.Licensing.Client.Communication.Notifications.NotificationsPipeServer] A new client is connecting (pipe #1)
2024-11-09 13:32:16.599 - [ 12929] - [    11] - INFO  - [Unity.Licensing.Client.Communication.Controllers.AccessTokenController] Access token is empty, user logged out
2024-11-09 13:32:16.600 - [ 12929] - [    11] - INFO  - [Unity.Licensing.Client.Communication.ApiPipeHandler#1] REQ-2 | Sending AccessTokenResponse for request AccessTokenRequest from Hub 3.9.1 (LocalIPC/1.15.8) [200]:  (null)
2024-11-09 13:32:16.603 - [ 12929] - [    11] - INFO  - [Unity.Licensing.Client.Services.EntitlementResolverProvider] Rebuilding resolvers from local files:  
2024-11-09 13:32:16.603 - [ 12929] - [    11] - INFO  - [Unity.Licensing.Client.Services.EntitlementResolverProvider] Processed 0 license files in 00:00:00.0000062
2024-11-09 13:32:16.605 - [ 12929] - [    11] - INFO  - [Unity.Licensing.Client.Services.EntitlementResolverProvider] Rebuilding resolvers from local files:  
2024-11-09 13:32:16.605 - [ 12929] - [    11] - INFO  - [Unity.Licensing.Client.Services.EntitlementResolverProvider] Processed 0 license files in 00:00:00.0000044
2024-11-09 13:32:16.607 - [ 12929] - [    11] - INFO  - [Unity.Licensing.Client.Communication.ApiPipeHandler#1] REQ-3 | Sending EntitlementGroupsDetailsResponse for request EntitlementGroupsDetailsRequest from Hub 3.9.1 (LocalIPC/1.15.8) [200]:  Success, found: 0 groups
2024-11-09 13:32:16.609 - [ 12929] - [    11] - INFO  - [Unity.Licensing.Client.Services.EntitlementResolverProvider] Rebuilding resolvers from local files:  
2024-11-09 13:32:16.609 - [ 12929] - [    11] - INFO  - [Unity.Licensing.Client.Services.EntitlementResolverProvider] Processed 0 license files in 00:00:00.0000038
2024-11-09 13:32:16.609 - [ 12929] - [    11] - INFO  - [Unity.Licensing.Client.Services.EntitlementResolverProvider] Rebuilding resolvers from local files:  
2024-11-09 13:32:16.609 - [ 12929] - [    11] - INFO  - [Unity.Licensing.Client.Services.EntitlementResolverProvider] Processed 0 license files in 00:00:00.0000008
2024-11-09 13:32:16.609 - [ 12929] - [    11] - INFO  - [Unity.Licensing.Client.Communication.ApiPipeHandler#1] REQ-4 | Sending EntitlementGroupsDetailsResponse for request EntitlementGroupsDetailsRequest from Hub 3.9.1 (LocalIPC/1.15.8) [200]:  Success, found: 0 groups
2024-11-09 13:32:16.626 - [ 12929] - [    11] - INFO  - [Unity.Licensing.Client.Services.EntitlementResolverProvider] Rebuilding resolvers from local files:  
2024-11-09 13:32:16.626 - [ 12929] - [    11] - INFO  - [Unity.Licensing.Client.Services.EntitlementResolverProvider] Processed 0 license files in 00:00:00.0000047
2024-11-09 13:32:16.626 - [ 12929] - [    11] - INFO  - [Unity.Licensing.Client.Services.EntitlementResolverProvider] Rebuilding resolvers from local files:  
2024-11-09 13:32:16.626 - [ 12929] - [    11] - INFO  - [Unity.Licensing.Client.Services.EntitlementResolverProvider] Processed 0 license files in 00:00:00.0000006
2024-11-09 13:32:16.626 - [ 12929] - [    11] - INFO  - [Unity.Licensing.Client.Communication.ApiPipeHandler#1] REQ-5 | Sending EntitlementGroupsDetailsResponse for request EntitlementGroupsDetailsRequest from Hub 3.9.1 (LocalIPC/1.15.8) [200]:  Success, found: 0 groups
2024-11-09 13:32:16.638 - [ 12929] - [    11] - INFO  - [Unity.Licensing.Client.Services.EntitlementResolverProvider] Rebuilding resolvers from local files:  
2024-11-09 13:32:16.638 - [ 12929] - [    11] - INFO  - [Unity.Licensing.Client.Services.EntitlementResolverProvider] Processed 0 license files in 00:00:00.0000043
2024-11-09 13:32:16.638 - [ 12929] - [    11] - INFO  - [Unity.Licensing.Client.Services.EntitlementResolverProvider] Rebuilding resolvers from local files:  
2024-11-09 13:32:16.638 - [ 12929] - [    11] - INFO  - [Unity.Licensing.Client.Services.EntitlementResolverProvider] Processed 0 license files in 00:00:00.0000009
2024-11-09 13:32:16.638 - [ 12929] - [    11] - INFO  - [Unity.Licensing.Client.Communication.ApiPipeHandler#1] REQ-6 | Sending EntitlementGroupsDetailsResponse for request EntitlementGroupsDetailsRequest from Hub 3.9.1 (LocalIPC/1.15.8) [200]:  Success, found: 0 groups
2024-11-09 13:32:16.688 - [ 12929] - [    11] - INFO  - [Unity.Licensing.Client.Services.EntitlementResolverProvider] Rebuilding resolvers from local files:  
2024-11-09 13:32:16.688 - [ 12929] - [    11] - INFO  - [Unity.Licensing.Client.Services.EntitlementResolverProvider] Processed 0 license files in 00:00:00.0000067
2024-11-09 13:32:16.688 - [ 12929] - [    11] - INFO  - [Unity.Licensing.Client.Services.EntitlementResolverProvider] Rebuilding resolvers from local files:  
2024-11-09 13:32:16.688 - [ 12929] - [    11] - INFO  - [Unity.Licensing.Client.Services.EntitlementResolverProvider] Processed 0 license files in 00:00:00.0000033
2024-11-09 13:32:16.688 - [ 12929] - [    11] - INFO  - [Unity.Licensing.Client.Communication.ApiPipeHandler#1] REQ-7 | Sending EntitlementGroupsDetailsResponse for request EntitlementGroupsDetailsRequest from Hub 3.9.1 (LocalIPC/1.15.8) [200]:  Success, found: 0 groups
2024-11-09 13:32:16.786 - [ 12929] - [    15] - INFO  - [Unity.Licensing.Client.Services.Package.PackageService] New PACL file is written successfully from remote uri: "https://license.unity3d.com/licenses/v1/packages/acl"
2024-11-09 13:32:16.787 - [ 12929] - [    15] - INFO  - [Unity.Licensing.Client.Services.Package.PackageEnforcer] Successfully updated PACL file after 1 attempt(s). Next update in 24.00 hours.
2024-11-09 13:32:16.788 - [ 12929] - [    15] - INFO  - [Unity.Licensing.Client.Services.Package.PackageEnforcer] Loading remote PACL, revision: 39, version: 1.0
2024-11-09 13:32:16.844 - [ 12929] - [    11] - INFO  - [Unity.Licensing.Client.Communication.ApiPipeHandler#1] REQ-8 | Sending EntitlementsResponse for request EntitlementsRequest from Hub 3.9.1 (LocalIPC/1.15.8) [200]:  Found 0 entitlements
2024-11-09 13:32:17.618 - [ 12929] - [    11] - INFO  - [Unity.Licensing.Client.Services.EntitlementResolverProvider] Rebuilding resolvers from local files:  
2024-11-09 13:32:17.618 - [ 12929] - [    11] - INFO  - [Unity.Licensing.Client.Services.EntitlementResolverProvider] Processed 0 license files in 00:00:00.0000075
2024-11-09 13:32:17.618 - [ 12929] - [    11] - INFO  - [Unity.Licensing.Client.Services.EntitlementResolverProvider] Rebuilding resolvers from local files:  
2024-11-09 13:32:17.618 - [ 12929] - [    11] - INFO  - [Unity.Licensing.Client.Services.EntitlementResolverProvider] Processed 0 license files in 00:00:00.0000048
2024-11-09 13:32:17.618 - [ 12929] - [    11] - INFO  - [Unity.Licensing.Client.Communication.ApiPipeHandler#1] REQ-9 | Sending EntitlementGroupsDetailsResponse for request EntitlementGroupsDetailsRequest from Hub 3.9.1 (LocalIPC/1.15.8) [200]:  Success, found: 0 groups
2024-11-09 13:32:17.632 - [ 12929] - [    11] - INFO  - [Unity.Licensing.Client.Communication.ApiPipeHandler#1] REQ-10 | Sending EntitlementsResponse for request EntitlementsRequest from Hub 3.9.1 (LocalIPC/1.15.8) [200]:  Found 0 entitlements
2024-11-09 13:32:31.425 - [ 12929] - [    11] - INFO  - [Unity.Licensing.Client.Communication.ApiPipeHandler#1] REQ-11 | Sending EntitlementsResponse for request EntitlementsRequest from Hub 3.9.1 (LocalIPC/1.15.8) [200]:  Found 0 entitlements
2024-11-09 13:32:31.431 - [ 12929] - [    11] - INFO  - [Unity.Licensing.Client.Communication.Controllers.AccessTokenController] Got access token (expires in 30758400 seconds)
2024-11-09 13:32:31.433 - [ 12929] - [    11] - INFO  - [Unity.Licensing.Client.Communication.ApiPipeHandler#1] REQ-12 | Sending AccessTokenResponse for request AccessTokenRequest from Hub 3.9.1 (LocalIPC/1.15.8) [200]:  (null)
2024-11-09 13:32:31.446 - [ 12929] - [    11] - INFO  - [Unity.Licensing.Client.Services.EntitlementResolverProvider] Rebuilding resolvers from local files:  
2024-11-09 13:32:31.446 - [ 12929] - [    11] - INFO  - [Unity.Licensing.Client.Services.EntitlementResolverProvider] Processed 0 license files in 00:00:00.0000118
2024-11-09 13:32:31.447 - [ 12929] - [    11] - INFO  - [Unity.Licensing.Client.Services.EntitlementResolverProvider] Rebuilding resolvers from local files:  
2024-11-09 13:32:31.447 - [ 12929] - [    11] - INFO  - [Unity.Licensing.Client.Services.EntitlementResolverProvider] Processed 0 license files in 00:00:00.0000035
2024-11-09 13:32:31.447 - [ 12929] - [    11] - INFO  - [Unity.Licensing.Client.Communication.ApiPipeHandler#1] REQ-13 | Sending EntitlementGroupsDetailsResponse for request EntitlementGroupsDetailsRequest from Hub 3.9.1 (LocalIPC/1.15.8) [200]:  Success, found: 0 groups
2024-11-09 13:32:31.843 - [ 12929] - [    11] - INFO  - [Unity.Licensing.Client.Services.Licensing.GenesisLicensingService] Attempting to contact genesis update license api
2024-11-09 13:32:32.004 - [ 12929] - [    16] - INFO  - [Unity.Licensing.Client.Services.Licensing.GenesisLicensingService] Trying to write updated entitlement license file...
2024-11-09 13:32:32.005 - [ 12929] - [    16] - INFO  - [Unity.Licensing.Client.Services.Licensing.GenesisLicensingService] Successfully updated license file
2024-11-09 13:32:32.032 - [ 12929] - [    11] - INFO  - [Unity.Licensing.Client.Services.Helpers.LicenseFilesMapper] Successfully parsed license /home/lufimio/.config/unity3d/Unity/licenses/UnityEntitlementLicense.xml
2024-11-09 13:32:32.033 - [ 12929] - [    11] - INFO  - [Unity.Licensing.Client.Services.EntitlementResolverProvider] Rebuilding resolvers from local files:  /home/lufimio/.config/unity3d/Unity/licenses/UnityEntitlementLicense.xml
2024-11-09 13:32:32.033 - [ 12929] - [    11] - INFO  - [Unity.Licensing.Client.Services.EntitlementResolverProvider] Processing license /home/lufimio/.config/unity3d/Unity/licenses/UnityEntitlementLicense.xml
2024-11-09 13:32:32.034 - [ 12929] - [    11] - INFO  - [Unity.Licensing.Client.Services.EntitlementResolverProvider] Processed 1 license files in 00:00:00.0014883
2024-11-09 13:32:32.038 - [ 12929] - [    11] - INFO  - [Unity.Licensing.Client.Services.LicenseOfflineValidityEndingPeriodicNotifierService] OnEntitlementResolverUpdated, will restart timer
2024-11-09 13:32:32.040 - [ 12929] - [    16] - INFO  - [Unity.Licensing.Client.Services.Notification.NotificationHub] Sending notification to 1 client: [LicenseUpdate] License updated: Your license was updated sent on 2024-11-09T13:32:32.0378773Z[{"EntitlementGroupId":"20066427825706-UnityPersonal","ProductName":"Unity Personal","UpdateType":"Added","Reason":"EntitlementGroupAdded"}]
2024-11-09 13:32:32.040 - [ 12929] - [    11] - INFO  - [Unity.Licensing.Client.Communication.ApiPipeHandler#1] REQ-14 | Sending ActivationManagementResponse for request ActivationManagementRequest from Hub 3.9.1 (LocalIPC/1.15.8) [207]:  Successfully processed activation management call
2024-11-09 13:32:32.047 - [ 12929] - [    15] - INFO  - [Unity.Licensing.Client.Services.LicenseOfflineValidityEndingPeriodicNotifierService] Will execute periodic notification again in 23.02:26:27.9563844
2024-11-09 13:32:32.059 - [ 12929] - [    11] - INFO  - [Unity.Licensing.Client.Services.Helpers.LicenseFilesMapper] Successfully parsed license /home/lufimio/.config/unity3d/Unity/licenses/UnityEntitlementLicense.xml
2024-11-09 13:32:32.059 - [ 12929] - [    11] - INFO  - [Unity.Licensing.Client.Services.EntitlementResolverProvider] Rebuilding resolvers from local files:  /home/lufimio/.config/unity3d/Unity/licenses/UnityEntitlementLicense.xml
2024-11-09 13:32:32.060 - [ 12929] - [    11] - INFO  - [Unity.Licensing.Client.Services.EntitlementResolverProvider] Processing license /home/lufimio/.config/unity3d/Unity/licenses/UnityEntitlementLicense.xml
2024-11-09 13:32:32.060 - [ 12929] - [    11] - INFO  - [Unity.Licensing.Client.Services.EntitlementResolverProvider] Processed 1 license files in 00:00:00.0001160
2024-11-09 13:32:32.065 - [ 12929] - [    11] - INFO  - [Unity.Licensing.Client.Services.Helpers.LicenseFilesMapper] Successfully parsed license /home/lufimio/.config/unity3d/Unity/licenses/UnityEntitlementLicense.xml
2024-11-09 13:32:32.065 - [ 12929] - [    11] - INFO  - [Unity.Licensing.Client.Services.EntitlementResolverProvider] Rebuilding resolvers from local files:  /home/lufimio/.config/unity3d/Unity/licenses/UnityEntitlementLicense.xml
2024-11-09 13:32:32.065 - [ 12929] - [    11] - INFO  - [Unity.Licensing.Client.Services.EntitlementResolverProvider] Processing license /home/lufimio/.config/unity3d/Unity/licenses/UnityEntitlementLicense.xml
2024-11-09 13:32:32.065 - [ 12929] - [    11] - INFO  - [Unity.Licensing.Client.Services.EntitlementResolverProvider] Processed 1 license files in 00:00:00.0000605
2024-11-09 13:32:32.067 - [ 12929] - [    11] - INFO  - [Unity.Licensing.Client.Communication.ApiPipeHandler#1] REQ-15 | Sending EntitlementGroupsDetailsResponse for request EntitlementGroupsDetailsRequest from Hub 3.9.1 (LocalIPC/1.15.8) [200]:  Success, found: 1 groups
2024-11-09 13:32:32.081 - [ 12929] - [    11] - INFO  - [Unity.Licensing.Client.Communication.ApiPipeHandler#1] REQ-16 | Sending EntitlementsResponse for request EntitlementsRequest from Hub 3.9.1 (LocalIPC/1.15.8) [200]:  Found 1 entitlements
2024-11-09 13:33:16.623 - [ 12929] - [    11] - INFO  - [Unity.Licensing.Client.Services.Helpers.LicenseFilesMapper] Successfully parsed license /home/lufimio/.config/unity3d/Unity/licenses/UnityEntitlementLicense.xml
2024-11-09 13:33:16.624 - [ 12929] - [    11] - INFO  - [Unity.Licensing.Client.Services.EntitlementResolverProvider] Rebuilding resolvers from local files:  /home/lufimio/.config/unity3d/Unity/licenses/UnityEntitlementLicense.xml
2024-11-09 13:33:16.624 - [ 12929] - [    11] - INFO  - [Unity.Licensing.Client.Services.EntitlementResolverProvider] Processing license /home/lufimio/.config/unity3d/Unity/licenses/UnityEntitlementLicense.xml
2024-11-09 13:33:16.624 - [ 12929] - [    11] - INFO  - [Unity.Licensing.Client.Services.EntitlementResolverProvider] Processed 1 license files in 00:00:00.0001509
2024-11-09 13:33:16.628 - [ 12929] - [    11] - INFO  - [Unity.Licensing.Client.Services.Helpers.LicenseFilesMapper] Successfully parsed license /home/lufimio/.config/unity3d/Unity/licenses/UnityEntitlementLicense.xml
2024-11-09 13:33:16.628 - [ 12929] - [    11] - INFO  - [Unity.Licensing.Client.Services.EntitlementResolverProvider] Rebuilding resolvers from local files:  /home/lufimio/.config/unity3d/Unity/licenses/UnityEntitlementLicense.xml
2024-11-09 13:33:16.628 - [ 12929] - [    11] - INFO  - [Unity.Licensing.Client.Services.EntitlementResolverProvider] Processing license /home/lufimio/.config/unity3d/Unity/licenses/UnityEntitlementLicense.xml
2024-11-09 13:33:16.628 - [ 12929] - [    11] - INFO  - [Unity.Licensing.Client.Services.EntitlementResolverProvider] Processed 1 license files in 00:00:00.0000595
2024-11-09 13:33:16.628 - [ 12929] - [    11] - INFO  - [Unity.Licensing.Client.Communication.ApiPipeHandler#1] REQ-17 | Sending EntitlementGroupsDetailsResponse for request EntitlementGroupsDetailsRequest from Hub 3.9.1 (LocalIPC/1.15.8) [200]:  Success, found: 1 groups
2024-11-09 13:33:16.726 - [ 12929] - [    11] - INFO  - [Unity.Licensing.Client.Communication.ApiPipeHandler#1] REQ-18 | Sending EntitlementsResponse for request EntitlementsRequest from Hub 3.9.1 (LocalIPC/1.15.8) [200]:  Found 1 entitlements
2024-11-09 13:34:16.638 - [ 12929] - [    11] - INFO  - [Unity.Licensing.Client.Services.Helpers.LicenseFilesMapper] Successfully parsed license /home/lufimio/.config/unity3d/Unity/licenses/UnityEntitlementLicense.xml
2024-11-09 13:34:16.638 - [ 12929] - [    11] - INFO  - [Unity.Licensing.Client.Services.EntitlementResolverProvider] Rebuilding resolvers from local files:  /home/lufimio/.config/unity3d/Unity/licenses/UnityEntitlementLicense.xml
2024-11-09 13:34:16.638 - [ 12929] - [    11] - INFO  - [Unity.Licensing.Client.Services.EntitlementResolverProvider] Processing license /home/lufimio/.config/unity3d/Unity/licenses/UnityEntitlementLicense.xml
2024-11-09 13:34:16.639 - [ 12929] - [    11] - INFO  - [Unity.Licensing.Client.Services.EntitlementResolverProvider] Processed 1 license files in 00:00:00.0002040
2024-11-09 13:34:16.655 - [ 12929] - [    11] - INFO  - [Unity.Licensing.Client.Services.Helpers.LicenseFilesMapper] Successfully parsed license /home/lufimio/.config/unity3d/Unity/licenses/UnityEntitlementLicense.xml
2024-11-09 13:34:16.655 - [ 12929] - [    11] - INFO  - [Unity.Licensing.Client.Services.EntitlementResolverProvider] Rebuilding resolvers from local files:  /home/lufimio/.config/unity3d/Unity/licenses/UnityEntitlementLicense.xml
2024-11-09 13:34:16.655 - [ 12929] - [    11] - INFO  - [Unity.Licensing.Client.Services.EntitlementResolverProvider] Processing license /home/lufimio/.config/unity3d/Unity/licenses/UnityEntitlementLicense.xml
2024-11-09 13:34:16.655 - [ 12929] - [    11] - INFO  - [Unity.Licensing.Client.Services.EntitlementResolverProvider] Processed 1 license files in 00:00:00.0000929
2024-11-09 13:34:16.656 - [ 12929] - [    11] - INFO  - [Unity.Licensing.Client.Communication.ApiPipeHandler#1] REQ-19 | Sending EntitlementGroupsDetailsResponse for request EntitlementGroupsDetailsRequest from Hub 3.9.1 (LocalIPC/1.15.8) [200]:  Success, found: 1 groups
2024-11-09 13:35:16.629 - [ 12929] - [    11] - INFO  - [Unity.Licensing.Client.Services.Helpers.LicenseFilesMapper] Successfully parsed license /home/lufimio/.config/unity3d/Unity/licenses/UnityEntitlementLicense.xml
2024-11-09 13:35:16.630 - [ 12929] - [    11] - INFO  - [Unity.Licensing.Client.Services.EntitlementResolverProvider] Rebuilding resolvers from local files:  /home/lufimio/.config/unity3d/Unity/licenses/UnityEntitlementLicense.xml
2024-11-09 13:35:16.630 - [ 12929] - [    11] - INFO  - [Unity.Licensing.Client.Services.EntitlementResolverProvider] Processing license /home/lufimio/.config/unity3d/Unity/licenses/UnityEntitlementLicense.xml
2024-11-09 13:35:16.630 - [ 12929] - [    11] - INFO  - [Unity.Licensing.Client.Services.EntitlementResolverProvider] Processed 1 license files in 00:00:00.0000945
2024-11-09 13:35:16.638 - [ 12929] - [    11] - INFO  - [Unity.Licensing.Client.Services.Helpers.LicenseFilesMapper] Successfully parsed license /home/lufimio/.config/unity3d/Unity/licenses/UnityEntitlementLicense.xml
2024-11-09 13:35:16.638 - [ 12929] - [    11] - INFO  - [Unity.Licensing.Client.Services.EntitlementResolverProvider] Rebuilding resolvers from local files:  /home/lufimio/.config/unity3d/Unity/licenses/UnityEntitlementLicense.xml
2024-11-09 13:35:16.638 - [ 12929] - [    11] - INFO  - [Unity.Licensing.Client.Services.EntitlementResolverProvider] Processing license /home/lufimio/.config/unity3d/Unity/licenses/UnityEntitlementLicense.xml
2024-11-09 13:35:16.638 - [ 12929] - [    11] - INFO  - [Unity.Licensing.Client.Services.EntitlementResolverProvider] Processed 1 license files in 00:00:00.0000879
2024-11-09 13:35:16.639 - [ 12929] - [    11] - INFO  - [Unity.Licensing.Client.Communication.ApiPipeHandler#1] REQ-20 | Sending EntitlementGroupsDetailsResponse for request EntitlementGroupsDetailsRequest from Hub 3.9.1 (LocalIPC/1.15.8) [200]:  Success, found: 1 groups
2024-11-09 13:36:16.628 - [ 12929] - [    11] - INFO  - [Unity.Licensing.Client.Services.Helpers.LicenseFilesMapper] Successfully parsed license /home/lufimio/.config/unity3d/Unity/licenses/UnityEntitlementLicense.xml
2024-11-09 13:36:16.628 - [ 12929] - [    11] - INFO  - [Unity.Licensing.Client.Services.EntitlementResolverProvider] Rebuilding resolvers from local files:  /home/lufimio/.config/unity3d/Unity/licenses/UnityEntitlementLicense.xml
2024-11-09 13:36:16.628 - [ 12929] - [    11] - INFO  - [Unity.Licensing.Client.Services.EntitlementResolverProvider] Processing license /home/lufimio/.config/unity3d/Unity/licenses/UnityEntitlementLicense.xml
2024-11-09 13:36:16.628 - [ 12929] - [    11] - INFO  - [Unity.Licensing.Client.Services.EntitlementResolverProvider] Processed 1 license files in 00:00:00.0000574
2024-11-09 13:36:16.633 - [ 12929] - [    11] - INFO  - [Unity.Licensing.Client.Services.Helpers.LicenseFilesMapper] Successfully parsed license /home/lufimio/.config/unity3d/Unity/licenses/UnityEntitlementLicense.xml
2024-11-09 13:36:16.634 - [ 12929] - [    11] - INFO  - [Unity.Licensing.Client.Services.EntitlementResolverProvider] Rebuilding resolvers from local files:  /home/lufimio/.config/unity3d/Unity/licenses/UnityEntitlementLicense.xml
2024-11-09 13:36:16.634 - [ 12929] - [    11] - INFO  - [Unity.Licensing.Client.Services.EntitlementResolverProvider] Processing license /home/lufimio/.config/unity3d/Unity/licenses/UnityEntitlementLicense.xml
2024-11-09 13:36:16.634 - [ 12929] - [    11] - INFO  - [Unity.Licensing.Client.Services.EntitlementResolverProvider] Processed 1 license files in 00:00:00.0000905
2024-11-09 13:36:16.634 - [ 12929] - [    11] - INFO  - [Unity.Licensing.Client.Communication.ApiPipeHandler#1] REQ-21 | Sending EntitlementGroupsDetailsResponse for request EntitlementGroupsDetailsRequest from Hub 3.9.1 (LocalIPC/1.15.8) [200]:  Success, found: 1 groups
2024-11-09 13:37:16.632 - [ 12929] - [    11] - INFO  - [Unity.Licensing.Client.Services.Helpers.LicenseFilesMapper] Successfully parsed license /home/lufimio/.config/unity3d/Unity/licenses/UnityEntitlementLicense.xml
2024-11-09 13:37:16.633 - [ 12929] - [    11] - INFO  - [Unity.Licensing.Client.Services.EntitlementResolverProvider] Rebuilding resolvers from local files:  /home/lufimio/.config/unity3d/Unity/licenses/UnityEntitlementLicense.xml
2024-11-09 13:37:16.633 - [ 12929] - [    11] - INFO  - [Unity.Licensing.Client.Services.EntitlementResolverProvider] Processing license /home/lufimio/.config/unity3d/Unity/licenses/UnityEntitlementLicense.xml
2024-11-09 13:37:16.633 - [ 12929] - [    11] - INFO  - [Unity.Licensing.Client.Services.EntitlementResolverProvider] Processed 1 license files in 00:00:00.0001501
2024-11-09 13:37:16.636 - [ 12929] - [    11] - INFO  - [Unity.Licensing.Client.Services.Helpers.LicenseFilesMapper] Successfully parsed license /home/lufimio/.config/unity3d/Unity/licenses/UnityEntitlementLicense.xml
2024-11-09 13:37:16.637 - [ 12929] - [    11] - INFO  - [Unity.Licensing.Client.Services.EntitlementResolverProvider] Rebuilding resolvers from local files:  /home/lufimio/.config/unity3d/Unity/licenses/UnityEntitlementLicense.xml
2024-11-09 13:37:16.637 - [ 12929] - [    11] - INFO  - [Unity.Licensing.Client.Services.EntitlementResolverProvider] Processing license /home/lufimio/.config/unity3d/Unity/licenses/UnityEntitlementLicense.xml
2024-11-09 13:37:16.637 - [ 12929] - [    11] - INFO  - [Unity.Licensing.Client.Services.EntitlementResolverProvider] Processed 1 license files in 00:00:00.0000445
2024-11-09 13:37:16.637 - [ 12929] - [    11] - INFO  - [Unity.Licensing.Client.Communication.ApiPipeHandler#1] REQ-22 | Sending EntitlementGroupsDetailsResponse for request EntitlementGroupsDetailsRequest from Hub 3.9.1 (LocalIPC/1.15.8) [200]:  Success, found: 1 groups
2024-11-09 13:38:36.111 - [ 12929] - [    11] - INFO  - [Unity.Licensing.Client.Services.Helpers.LicenseFilesMapper] Successfully parsed license /home/lufimio/.config/unity3d/Unity/licenses/UnityEntitlementLicense.xml
2024-11-09 13:38:36.111 - [ 12929] - [    11] - INFO  - [Unity.Licensing.Client.Services.EntitlementResolverProvider] Rebuilding resolvers from local files:  /home/lufimio/.config/unity3d/Unity/licenses/UnityEntitlementLicense.xml
2024-11-09 13:38:36.111 - [ 12929] - [    11] - INFO  - [Unity.Licensing.Client.Services.EntitlementResolverProvider] Processing license /home/lufimio/.config/unity3d/Unity/licenses/UnityEntitlementLicense.xml
2024-11-09 13:38:36.111 - [ 12929] - [    11] - INFO  - [Unity.Licensing.Client.Services.EntitlementResolverProvider] Processed 1 license files in 00:00:00.0000520
2024-11-09 13:38:36.115 - [ 12929] - [    11] - INFO  - [Unity.Licensing.Client.Services.Helpers.LicenseFilesMapper] Successfully parsed license /home/lufimio/.config/unity3d/Unity/licenses/UnityEntitlementLicense.xml
2024-11-09 13:38:36.115 - [ 12929] - [    11] - INFO  - [Unity.Licensing.Client.Services.EntitlementResolverProvider] Rebuilding resolvers from local files:  /home/lufimio/.config/unity3d/Unity/licenses/UnityEntitlementLicense.xml
2024-11-09 13:38:36.115 - [ 12929] - [    11] - INFO  - [Unity.Licensing.Client.Services.EntitlementResolverProvider] Processing license /home/lufimio/.config/unity3d/Unity/licenses/UnityEntitlementLicense.xml
2024-11-09 13:38:36.115 - [ 12929] - [    11] - INFO  - [Unity.Licensing.Client.Services.EntitlementResolverProvider] Processed 1 license files in 00:00:00.0000648
2024-11-09 13:38:36.115 - [ 12929] - [    11] - INFO  - [Unity.Licensing.Client.Communication.ApiPipeHandler#1] REQ-23 | Sending EntitlementGroupsDetailsResponse for request EntitlementGroupsDetailsRequest from Hub 3.9.1 (LocalIPC/1.15.8) [200]:  Success, found: 1 groups
2024-11-09 13:38:36.129 - [ 12929] - [    11] - INFO  - [Unity.Licensing.Client.Communication.ApiPipeHandler#1] REQ-24 | Sending EntitlementsResponse for request EntitlementsRequest from Hub 3.9.1 (LocalIPC/1.15.8) [200]:  Found 1 entitlements
2024-11-09 13:39:16.641 - [ 12929] - [    11] - INFO  - [Unity.Licensing.Client.Services.Helpers.LicenseFilesMapper] Successfully parsed license /home/lufimio/.config/unity3d/Unity/licenses/UnityEntitlementLicense.xml
2024-11-09 13:39:16.641 - [ 12929] - [    11] - INFO  - [Unity.Licensing.Client.Services.EntitlementResolverProvider] Rebuilding resolvers from local files:  /home/lufimio/.config/unity3d/Unity/licenses/UnityEntitlementLicense.xml
2024-11-09 13:39:16.641 - [ 12929] - [    11] - INFO  - [Unity.Licensing.Client.Services.EntitlementResolverProvider] Processing license /home/lufimio/.config/unity3d/Unity/licenses/UnityEntitlementLicense.xml
2024-11-09 13:39:16.642 - [ 12929] - [    11] - INFO  - [Unity.Licensing.Client.Services.EntitlementResolverProvider] Processed 1 license files in 00:00:00.0001373
2024-11-09 13:39:16.647 - [ 12929] - [    11] - INFO  - [Unity.Licensing.Client.Services.Helpers.LicenseFilesMapper] Successfully parsed license /home/lufimio/.config/unity3d/Unity/licenses/UnityEntitlementLicense.xml
2024-11-09 13:39:16.648 - [ 12929] - [    11] - INFO  - [Unity.Licensing.Client.Services.EntitlementResolverProvider] Rebuilding resolvers from local files:  /home/lufimio/.config/unity3d/Unity/licenses/UnityEntitlementLicense.xml
2024-11-09 13:39:16.648 - [ 12929] - [    11] - INFO  - [Unity.Licensing.Client.Services.EntitlementResolverProvider] Processing license /home/lufimio/.config/unity3d/Unity/licenses/UnityEntitlementLicense.xml
2024-11-09 13:39:16.648 - [ 12929] - [    11] - INFO  - [Unity.Licensing.Client.Services.EntitlementResolverProvider] Processed 1 license files in 00:00:00.0000393
2024-11-09 13:39:16.648 - [ 12929] - [    11] - INFO  - [Unity.Licensing.Client.Communication.ApiPipeHandler#1] REQ-25 | Sending EntitlementGroupsDetailsResponse for request EntitlementGroupsDetailsRequest from Hub 3.9.1 (LocalIPC/1.15.8) [200]:  Success, found: 1 groups
2024-11-09 13:43:08.027 - [ 12929] - [    11] - INFO  - [Unity.Licensing.Client.Communication.ApiPipeHandler#1] REQ-26 | Sending EntitlementsResponse for request EntitlementsRequest from Hub 3.9.1 (LocalIPC/1.15.8) [200]:  Found 1 entitlements
2024-11-09 13:43:08.046 - [ 12929] - [    11] - INFO  - [Unity.Licensing.Client.Communication.ApiPipeHandler#1] REQ-27 | Sending EntitlementsResponse for request EntitlementsRequest from Hub 3.9.1 (LocalIPC/1.15.8) [200]:  Found 1 entitlements
2024-11-09 13:43:08.224 - [ 12929] - [.NET Long Running Task] - INFO  - [Unity.Licensing.Client.MultiClientPipeServer] Waiting for a connection (pipe #3)
2024-11-09 13:43:08.226 - [ 12929] - [    33] - INFO  - [Unity.Licensing.Client.Communication.ApiPipeHandler#2] new pipe session: bab13be06dac41c38baa81219b299d9f
2024-11-09 13:43:08.226 - [ 12929] - [    33] - INFO  - [Unity.Licensing.Client.MultiClientPipeServer] A new client is connecting (pipe #2)
2024-11-09 13:43:08.226 - [ 12929] - [    33] - INFO  - [Unity.Licensing.Client.Communication.ApiPipeHandler#2] Start accepting requests
2024-11-09 13:43:08.236 - [ 12929] - [    33] - INFO  - [Unity.Licensing.Client.Communication.ApiPipeHandler#2] REQ-1 | Sending ApiErrorResponse for request HandshakeRequest from UnityEditor/6000.0.26f1 (Linux; U; Linux 6.1; en_US) (LocalIPC/1.16) [505]:  Unsupported protocol version '1.16.0'.
2024-11-09 13:43:08.236 - [ 12929] - [    33] - INFO  - [Unity.Licensing.Client.Communication.ApiPipeHandler#2] Detected client disconnect
2024-11-09 13:43:08.236 - [ 12929] - [    33] - INFO  - [Unity.Licensing.Client.Communication.ApiPipeHandler#2] End accepting requests
2024-11-09 13:43:08.236 - [ 12929] - [    33] - INFO  - [Unity.Licensing.Client.MultiClientPipeServer] Connection closed (pipe #2)
2024-11-09 13:43:08.237 - [ 12929] - [    33] - INFO  - [Unity.Licensing.Client.Communication.ApiPipeHandler#2] Disposing named pipe
2024-11-09 13:43:08.238 - [ 12929] - [    33] - INFO  - [Unity.Licensing.Client.Communication.ApiPipeHandler#2] Disposing named pipe
2024-11-09 13:43:08.583 - [ 15450] - [     1] - INFO  - [Unity.Licensing.Client.Program] cloudEnvironment: production
2024-11-09 13:43:08.589 - [ 15450] - [     1] - INFO  - [Unity.Licensing.Client.Program] Client product version: 1.16.0+1c867a9
2024-11-09 13:43:08.589 - [ 15450] - [     1] - INFO  - [Unity.Licensing.Client.Program] Client assembly version: 1.16.0.0
2024-11-09 13:43:08.589 - [ 15450] - [     1] - INFO  - [Unity.Licensing.Client.Program] File version: 1.16.0 (/home/lufimio/Unity/Hub/Editor/6000.0.26f1/Editor/Data/Resources/Licensing/Client/Unity.Licensing.Client.dll)
2024-11-09 13:43:08.589 - [ 15450] - [     1] - INFO  - [Unity.Licensing.Client.Program] Current OS: Linux 6.11.6-arch1-1 #1 SMP PREEMPT_DYNAMIC Fri, 01 Nov 2024 03:30:41 +0000
2024-11-09 13:43:08.589 - [ 15450] - [     1] - INFO  - [Unity.Licensing.Client.Program] Command line arguments:  --namedPipe Unity-LicenseClient-lufimio-6000.0.26
2024-11-09 13:43:08.591 - [ 15450] - [     1] - INFO  - [Unity.Licensing.Client.Program] Analytics CorrelationId: 8723279e2574006c70985c6bb1e51343
2024-11-09 13:43:08.593 - [ 15450] - [    10] - INFO  - [Unity.Licensing.Client.PipeServerExecutor] GlobalMutex Unity-LicenseClient-lufimio-6000.0.26 created (on thread: 10)
2024-11-09 13:43:08.623 - [ 15450] - [     1] - INFO  - [Unity.Licensing.Client.Services.Helpers.LicenseFilesMapper] Successfully parsed license /home/lufimio/.config/unity3d/Unity/licenses/UnityEntitlementLicense.xml
2024-11-09 13:43:08.624 - [ 15450] - [     1] - INFO  - [Unity.Licensing.Client.Services.EntitlementResolverProvider] Rebuilding resolvers from local files:  /home/lufimio/.config/unity3d/Unity/licenses/UnityEntitlementLicense.xml
2024-11-09 13:43:08.625 - [ 15450] - [     1] - INFO  - [Unity.Licensing.Client.Services.EntitlementResolverProvider] Processing license /home/lufimio/.config/unity3d/Unity/licenses/UnityEntitlementLicense.xml
2024-11-09 13:43:08.626 - [ 15450] - [     1] - INFO  - [Unity.Licensing.Client.Services.EntitlementResolverProvider] Processed 1 license files in 00:00:00.0014730
2024-11-09 13:43:08.641 - [ 15450] - [     1] - INFO  - [Unity.Licensing.Client.Services.Helpers.LicenseFilesMapper] Successfully parsed license /home/lufimio/.config/unity3d/Unity/licenses/UnityEntitlementLicense.xml
2024-11-09 13:43:08.641 - [ 15450] - [     1] - INFO  - [Unity.Licensing.Client.Services.Replication.InactiveLicenseFileCleaner] Start cleaning expired and inactive license file(s): 
/home/lufimio/.config/unity3d/Unity/licenses/UnityEntitlementLicense.xml
2024-11-09 13:43:08.642 - [ 15450] - [     1] - INFO  - [Unity.Licensing.Client.Services.Replication.InactiveLicenseFileCleaner] Cleanup finished successfully, deleted 0 expired license file(s)
2024-11-09 13:43:08.648 - [ 15450] - [    17] - INFO  - [Unity.Licensing.Client.Services.Package.PackageEnforcer] Trying to update PACL ...
2024-11-09 13:43:08.649 - [ 15450] - [    18] - INFO  - [Unity.Licensing.Client.MultiClientPipeServer] Starting named pipe server (on thread: 18)
2024-11-09 13:43:08.653 - [ 15450] - [    18] - INFO  - [Unity.Licensing.Client.MultiClientPipeServer] Named pipe server started
2024-11-09 13:43:08.653 - [ 15450] - [.NET Long Running Task] - INFO  - [Unity.Licensing.Client.MultiClientPipeServer] Waiting for a connection (pipe #1)
2024-11-09 13:43:08.653 - [ 15450] - [    17] - INFO  - [Unity.Licensing.Client.Services.Package.PackageService] Getting PACL from remote uri: "https://license.unity3d.com/licenses/v1/packages/acl" ...
2024-11-09 13:43:08.653 - [ 15450] - [    18] - INFO  - [Unity.Licensing.Client.Communication.Notifications.NotificationsPipeServer] Starting named pipe server (on thread: 18)
2024-11-09 13:43:08.654 - [ 15450] - [    18] - INFO  - [Unity.Licensing.Client.Communication.Notifications.NotificationsPipeServer] Named pipe server started
2024-11-09 13:43:08.654 - [ 15450] - [.NET Long Running Task] - INFO  - [Unity.Licensing.Client.Communication.Notifications.NotificationsPipeServer] Waiting for a connection (pipe #1)
2024-11-09 13:43:08.657 - [ 15450] - [    17] - INFO  - [Unity.Licensing.Client.Services.Package.PackageService] Local PACL revision: 39
2024-11-09 13:43:08.810 - [ 15450] - [.NET Long Running Task] - INFO  - [Unity.Licensing.Client.MultiClientPipeServer] Waiting for a connection (pipe #2)
2024-11-09 13:43:08.814 - [ 15450] - [    17] - INFO  - [Unity.Licensing.Client.Communication.ApiPipeHandler#1] new pipe session: 351debd3d84c4d6492efdfed847282be
2024-11-09 13:43:08.815 - [ 15450] - [    17] - INFO  - [Unity.Licensing.Client.MultiClientPipeServer] A new client is connecting (pipe #1)
2024-11-09 13:43:08.815 - [ 15450] - [    17] - INFO  - [Unity.Licensing.Client.Communication.ApiPipeHandler#1] Start accepting requests
2024-11-09 13:43:08.843 - [ 15450] - [    17] - INFO  - [Unity.Licensing.Client.Communication.Controllers.HandshakeController] Received handshake from: UnityEditor/6000.0.26f1 (Linux; U; Linux 6.1; en_US) (LocalIPC/1.16.0)
2024-11-09 13:43:08.852 - [ 15450] - [    17] - INFO  - [Unity.Licensing.Client.Communication.ApiPipeHandler#1] REQ-1 | Sending HandshakeResponse for request HandshakeRequest from UnityEditor/6000.0.26f1 (Linux; U; Linux 6.1; en_US) (LocalIPC/1.16) [200]:  Handshake successful
2024-11-09 13:43:08.853 - [ 15450] - [.NET Long Running Task] - INFO  - [Unity.Licensing.Client.Communication.Notifications.NotificationsPipeServer] Waiting for a connection (pipe #2)
2024-11-09 13:43:08.853 - [ 15450] - [     8] - INFO  - [Unity.Licensing.Client.Communication.Notifications.NotificationsPipeServer] A new client is connecting (pipe #1)
2024-11-09 13:43:08.865 - [ 15450] - [    17] - INFO  - [Unity.Licensing.Client.Communication.Controllers.AccessTokenController] Got access token (expires in 31535999 seconds)
2024-11-09 13:43:08.867 - [ 15450] - [    17] - INFO  - [Unity.Licensing.Client.Communication.ApiPipeHandler#1] REQ-2 | Sending AccessTokenResponse for request AccessTokenRequest from UnityEditor/6000.0.26f1 (Linux; U; Linux 6.1; en_US) (LocalIPC/1.16) [200]:  (null)
2024-11-09 13:43:08.882 - [ 15450] - [    17] - INFO  - [Unity.Licensing.Client.Services.Licensing.GenesisLicensingService] Attempting to contact genesis update license api
2024-11-09 13:43:09.267 - [ 15450] - [     6] - WARN  - [PackageService.HttpRequests] Handled response: [304 | Not Modified | ] from request: [GET | https://license.unity3d.com/licenses/v1/packages/acl | ]
2024-11-09 13:43:09.270 - [ 15450] - [     6] - INFO  - [Unity.Licensing.Client.Services.Package.PackageService] Skipping download. No difference between local and remote ETag (uri: "https://license.unity3d.com/licenses/v1/packages/acl", ETag: "a47d5a1970206e966118a4cde027cb63")
2024-11-09 13:43:09.271 - [ 15450] - [     6] - INFO  - [Unity.Licensing.Client.Services.Package.PackageEnforcer] Successfully updated PACL file after 1 attempt(s). Next update in 24.00 hours.
2024-11-09 13:43:09.271 - [ 15450] - [     6] - INFO  - [Unity.Licensing.Client.Services.Package.PackageEnforcer] Loading remote PACL, revision: 39, version: 1.0
2024-11-09 13:43:09.532 - [ 15450] - [     6] - INFO  - [Unity.Licensing.Client.Services.Licensing.GenesisLicensingService] Trying to write updated entitlement license file...
2024-11-09 13:43:09.540 - [ 15450] - [     6] - INFO  - [Unity.Licensing.Client.Services.Licensing.GenesisLicensingService] Successfully updated license file
2024-11-09 13:43:09.545 - [ 15450] - [    17] - INFO  - [Unity.Licensing.Client.Services.Helpers.LicenseFilesMapper] Successfully parsed license /home/lufimio/.config/unity3d/Unity/licenses/UnityEntitlementLicense.xml
2024-11-09 13:43:09.546 - [ 15450] - [    17] - INFO  - [Unity.Licensing.Client.Services.EntitlementResolverProvider] Rebuilding resolvers from local files:  /home/lufimio/.config/unity3d/Unity/licenses/UnityEntitlementLicense.xml
2024-11-09 13:43:09.546 - [ 15450] - [    17] - INFO  - [Unity.Licensing.Client.Services.EntitlementResolverProvider] Processing license /home/lufimio/.config/unity3d/Unity/licenses/UnityEntitlementLicense.xml
2024-11-09 13:43:09.546 - [ 15450] - [    17] - INFO  - [Unity.Licensing.Client.Services.EntitlementResolverProvider] Processed 1 license files in 00:00:00.0001252
2024-11-09 13:43:09.547 - [ 15450] - [     6] - INFO  - [Unity.Licensing.Client.Services.EntitlementResolverProvider] OnLicenseDirUpdate
2024-11-09 13:43:09.550 - [ 15450] - [    17] - INFO  - [Unity.Licensing.Client.Services.LicenseOfflineValidityEndingPeriodicNotifierService] OnEntitlementResolverUpdated, will restart timer
2024-11-09 13:43:09.551 - [ 15450] - [    17] - ERROR - [Unity.Licensing.Client.Communication.Controllers.UpdateLicenseController] ulf update failed. Details: No ULF license found.
2024-11-09 13:43:09.552 - [ 15450] - [    17] - INFO  - [Unity.Licensing.Client.Communication.ApiPipeHandler#1] REQ-3 | Sending UpdateLicenseResponse for request UpdateLicenseRequest from UnityEditor/6000.0.26f1 (Linux; U; Linux 6.1; en_US) (LocalIPC/1.16) [200]:  Licenses updated.
2024-11-09 13:43:09.558 - [ 15450] - [    19] - INFO  - [Unity.Licensing.Client.Services.LicenseOfflineValidityEndingPeriodicNotifierService] Will execute periodic notification again in 23.02:15:50.4446862
2024-11-09 13:43:09.568 - [ 15450] - [    17] - INFO  - [Unity.Licensing.Client.Communication.Controllers.EntitlementDetailsController] Finished handling EntitlementDetails request
2024-11-09 13:43:09.572 - [ 15450] - [    17] - INFO  - [Unity.Licensing.Client.Communication.ApiPipeHandler#1] REQ-4 | Sending EntitlementDetailsResponse for request EntitlementDetailsRequest from UnityEditor/6000.0.26f1 (Linux; U; Linux 6.1; en_US) (LocalIPC/1.16) [200]:  Found 1 entitlement groups and 0 free entitlements matching requested entitlement ids
2024-11-09 13:43:11.724 - [ 15450] - [    17] - INFO  - [Unity.Licensing.Client.Communication.Controllers.EntitlementDetailsController] Finished handling EntitlementDetails request
2024-11-09 13:43:11.724 - [ 15450] - [    17] - INFO  - [Unity.Licensing.Client.Communication.ApiPipeHandler#1] REQ-5 | Sending EntitlementDetailsResponse for request EntitlementDetailsRequest from UnityEditor/6000.0.26f1 (Linux; U; Linux 6.1; en_US) (LocalIPC/1.16) [200]:  Found 1 entitlement groups and 0 free entitlements matching requested entitlement ids
2024-11-09 13:43:16.633 - [ 12929] - [    11] - INFO  - [Unity.Licensing.Client.Services.Helpers.LicenseFilesMapper] Successfully parsed license /home/lufimio/.config/unity3d/Unity/licenses/UnityEntitlementLicense.xml
2024-11-09 13:43:16.633 - [ 12929] - [    11] - INFO  - [Unity.Licensing.Client.Services.EntitlementResolverProvider] Rebuilding resolvers from local files:  /home/lufimio/.config/unity3d/Unity/licenses/UnityEntitlementLicense.xml
2024-11-09 13:43:16.633 - [ 12929] - [    11] - INFO  - [Unity.Licensing.Client.Services.EntitlementResolverProvider] Processing license /home/lufimio/.config/unity3d/Unity/licenses/UnityEntitlementLicense.xml
2024-11-09 13:43:16.634 - [ 12929] - [    11] - INFO  - [Unity.Licensing.Client.Services.EntitlementResolverProvider] Processed 1 license files in 00:00:00.0000948
2024-11-09 13:43:16.635 - [ 12929] - [    11] - INFO  - [Unity.Licensing.Client.Services.LicenseOfflineValidityEndingPeriodicNotifierService] OnEntitlementResolverUpdated, will restart timer
2024-11-09 13:43:16.636 - [ 12929] - [     3] - INFO  - [Unity.Licensing.Client.Services.LicenseOfflineValidityEndingPeriodicNotifierService] Will execute periodic notification again in 23.02:15:43.3636363
2024-11-09 13:43:16.643 - [ 12929] - [    11] - INFO  - [Unity.Licensing.Client.Services.Helpers.LicenseFilesMapper] Successfully parsed license /home/lufimio/.config/unity3d/Unity/licenses/UnityEntitlementLicense.xml
2024-11-09 13:43:16.643 - [ 12929] - [    11] - INFO  - [Unity.Licensing.Client.Services.EntitlementResolverProvider] Rebuilding resolvers from local files:  /home/lufimio/.config/unity3d/Unity/licenses/UnityEntitlementLicense.xml
2024-11-09 13:43:16.643 - [ 12929] - [    11] - INFO  - [Unity.Licensing.Client.Services.EntitlementResolverProvider] Processing license /home/lufimio/.config/unity3d/Unity/licenses/UnityEntitlementLicense.xml
2024-11-09 13:43:16.644 - [ 12929] - [    11] - INFO  - [Unity.Licensing.Client.Services.EntitlementResolverProvider] Processed 1 license files in 00:00:00.0001021
2024-11-09 13:43:16.644 - [ 12929] - [    11] - INFO  - [Unity.Licensing.Client.Communication.ApiPipeHandler#1] REQ-28 | Sending EntitlementGroupsDetailsResponse for request EntitlementGroupsDetailsRequest from Hub 3.9.1 (LocalIPC/1.15.8) [200]:  Success, found: 1 groups
2024-11-09 13:43:31.535 - [ 15450] - [    17] - INFO  - [Unity.Licensing.Client.Communication.Controllers.EntitlementDetailsController] Finished handling EntitlementDetails request
2024-11-09 13:43:31.536 - [ 15450] - [    17] - INFO  - [Unity.Licensing.Client.Communication.ApiPipeHandler#1] REQ-6 | Sending EntitlementDetailsResponse for request EntitlementDetailsRequest from UnityEditor/6000.0.26f1 (Linux; U; Linux 6.1; en_US) (LocalIPC/1.16) [200]:  Found 0 entitlement groups and 65 free entitlements matching requested entitlement ids
2024-11-09 13:43:31.735 - [ 15450] - [    17] - INFO  - [Unity.Licensing.Client.Communication.Controllers.EntitlementDetailsController] Finished handling EntitlementDetails request
2024-11-09 13:43:31.735 - [ 15450] - [    17] - INFO  - [Unity.Licensing.Client.Communication.ApiPipeHandler#1] REQ-7 | Sending EntitlementDetailsResponse for request EntitlementDetailsRequest from UnityEditor/6000.0.26f1 (Linux; U; Linux 6.1; en_US) (LocalIPC/1.16) [200]:  Found 1 entitlement groups and 0 free entitlements matching requested entitlement ids
2024-11-09 13:43:32.645 - [ 15450] - [    17] - INFO  - [Unity.Licensing.Client.Communication.Controllers.EntitlementDetailsController] Finished handling EntitlementDetails request
2024-11-09 13:43:32.645 - [ 15450] - [    17] - INFO  - [Unity.Licensing.Client.Communication.ApiPipeHandler#1] REQ-8 | Sending EntitlementDetailsResponse for request EntitlementDetailsRequest from UnityEditor/6000.0.26f1 (Linux; U; Linux 6.1; en_US) (LocalIPC/1.16) [200]:  Found 1 entitlement groups and 0 free entitlements matching requested entitlement ids
2024-11-09 13:44:28.500 - [ 15450] - [    17] - INFO  - [Unity.Licensing.Client.Communication.Controllers.EntitlementDetailsController] Finished handling EntitlementDetails request
2024-11-09 13:44:28.501 - [ 15450] - [    17] - INFO  - [Unity.Licensing.Client.Communication.ApiPipeHandler#1] REQ-9 | Sending EntitlementDetailsResponse for request EntitlementDetailsRequest from UnityEditor/6000.0.26f1 (Linux; U; Linux 6.1; en_US) (LocalIPC/1.16) [200]:  Found 1 entitlement groups and 0 free entitlements matching requested entitlement ids
2024-11-09 13:44:31.580 - [ 15450] - [    17] - INFO  - [Unity.Licensing.Client.Communication.Controllers.EntitlementDetailsController] Finished handling EntitlementDetails request
2024-11-09 13:44:31.580 - [ 15450] - [    17] - INFO  - [Unity.Licensing.Client.Communication.ApiPipeHandler#1] REQ-10 | Sending EntitlementDetailsResponse for request EntitlementDetailsRequest from UnityEditor/6000.0.26f1 (Linux; U; Linux 6.1; en_US) (LocalIPC/1.16) [200]:  Found 1 entitlement groups and 0 free entitlements matching requested entitlement ids
2024-11-09 13:44:37.929 - [ 15450] - [    17] - INFO  - [Unity.Licensing.Client.Communication.Controllers.EntitlementDetailsController] Finished handling EntitlementDetails request
2024-11-09 13:44:37.929 - [ 15450] - [    17] - INFO  - [Unity.Licensing.Client.Communication.ApiPipeHandler#1] REQ-11 | Sending EntitlementDetailsResponse for request EntitlementDetailsRequest from UnityEditor/6000.0.26f1 (Linux; U; Linux 6.1; en_US) (LocalIPC/1.16) [200]:  Found 0 entitlement groups and 1 free entitlements matching requested entitlement ids
2024-11-09 13:44:37.957 - [ 15450] - [    17] - INFO  - [Unity.Licensing.Client.Communication.Controllers.EntitlementDetailsController] Finished handling EntitlementDetails request
2024-11-09 13:44:37.957 - [ 15450] - [    17] - INFO  - [Unity.Licensing.Client.Communication.ApiPipeHandler#1] REQ-12 | Sending EntitlementDetailsResponse for request EntitlementDetailsRequest from UnityEditor/6000.0.26f1 (Linux; U; Linux 6.1; en_US) (LocalIPC/1.16) [200]:  Found 0 entitlement groups and 65 free entitlements matching requested entitlement ids
2024-11-09 13:44:38.142 - [ 15450] - [    17] - INFO  - [Unity.Licensing.Client.Communication.Controllers.AccessTokenController] Got access token (expires in 31535999 seconds)
2024-11-09 13:44:38.142 - [ 15450] - [    17] - INFO  - [Unity.Licensing.Client.Communication.ApiPipeHandler#1] REQ-13 | Sending AccessTokenResponse for request AccessTokenRequest from UnityEditor/6000.0.26f1 (Linux; U; Linux 6.1; en_US) (LocalIPC/1.16) [200]:  (null)
2024-11-09 13:44:53.499 - [ 15450] - [    17] - INFO  - [Unity.Licensing.Client.Communication.Controllers.EntitlementDetailsController] Finished handling EntitlementDetails request
2024-11-09 13:44:53.499 - [ 15450] - [    17] - INFO  - [Unity.Licensing.Client.Communication.ApiPipeHandler#1] REQ-14 | Sending EntitlementDetailsResponse for request EntitlementDetailsRequest from UnityEditor/6000.0.26f1 (Linux; U; Linux 6.1; en_US) (LocalIPC/1.16) [200]:  Found 0 entitlement groups and 162 free entitlements matching requested entitlement ids
2024-11-09 13:44:53.796 - [ 15450] - [    17] - INFO  - [Unity.Licensing.Client.Communication.Controllers.EntitlementDetailsController] Finished handling EntitlementDetails request
2024-11-09 13:44:53.796 - [ 15450] - [    17] - INFO  - [Unity.Licensing.Client.Communication.ApiPipeHandler#1] REQ-15 | Sending EntitlementDetailsResponse for request EntitlementDetailsRequest from UnityEditor/6000.0.26f1 (Linux; U; Linux 6.1; en_US) (LocalIPC/1.16) [200]:  Found 0 entitlement groups and 175 free entitlements matching requested entitlement ids
2024-11-09 13:49:37.813 - [ 15450] - [    17] - INFO  - [Unity.Licensing.Client.Communication.Controllers.EntitlementDetailsController] Finished handling EntitlementDetails request
2024-11-09 13:49:37.813 - [ 15450] - [    17] - INFO  - [Unity.Licensing.Client.Communication.ApiPipeHandler#1] REQ-16 | Sending EntitlementDetailsResponse for request EntitlementDetailsRequest from UnityEditor/6000.0.26f1 (Linux; U; Linux 6.1; en_US) (LocalIPC/1.16) [200]:  Found 1 entitlement groups and 0 free entitlements matching requested entitlement ids
2024-11-09 14:01:19.334 - [ 15450] - [    17] - INFO  - [Unity.Licensing.Client.Communication.Controllers.EntitlementDetailsController] Finished handling EntitlementDetails request
2024-11-09 14:01:19.335 - [ 15450] - [    17] - INFO  - [Unity.Licensing.Client.Communication.ApiPipeHandler#1] REQ-17 | Sending EntitlementDetailsResponse for request EntitlementDetailsRequest from UnityEditor/6000.0.26f1 (Linux; U; Linux 6.1; en_US) (LocalIPC/1.16) [200]:  Found 1 entitlement groups and 0 free entitlements matching requested entitlement ids
2024-11-09 14:01:49.121 - [ 15450] - [    19] - INFO  - [Unity.Licensing.Client.Communication.Notifications.NotificationsPipeHandler#1] Notification channel with sessionId: ddcdf4f1e3a04324b4d3b9a96b0cf1c2 is shutting down
2024-11-09 14:01:49.121 - [ 15450] - [    19] - INFO  - [Unity.Licensing.Client.Communication.Notifications.NotificationsPipeServer] Connection closed (pipe #1)
2024-11-09 14:01:49.121 - [ 15450] - [    17] - INFO  - [Unity.Licensing.Client.Communication.ApiPipeHandler#1] Detected client disconnect
2024-11-09 14:01:49.122 - [ 15450] - [    17] - INFO  - [Unity.Licensing.Client.Communication.ApiPipeHandler#1] End accepting requests
2024-11-09 14:01:49.122 - [ 15450] - [    17] - INFO  - [Unity.Licensing.Client.MultiClientPipeServer] Connection closed (pipe #1)
2024-11-09 14:01:49.123 - [ 15450] - [    17] - INFO  - [Unity.Licensing.Client.Services.LicensingOrchestrator] Last active session ended.
2024-11-09 14:01:49.123 - [ 15450] - [    17] - INFO  - [Unity.Licensing.Client.PipeServerExecutor] Starting licensing client's exit timer
2024-11-09 14:01:49.123 - [ 15450] - [    17] - INFO  - [Unity.Licensing.Client.Communication.ApiPipeHandler#1] Disposing named pipe
2024-11-09 14:01:49.123 - [ 15450] - [    18] - INFO  - [Unity.Licensing.Client.MultiClientPipeServer] Named pipe server is shutting down (thread: 18)
2024-11-09 14:01:49.124 - [ 15450] - [    17] - INFO  - [Unity.Licensing.Client.Communication.ApiPipeHandler#1] Disposing named pipe
2024-11-09 14:01:49.125 - [ 15450] - [    18] - INFO  - [Unity.Licensing.Client.MultiClientPipeServer] Named pipe server has shutdown
2024-11-09 14:01:49.125 - [ 15450] - [    18] - INFO  - [Unity.Licensing.Client.Communication.Notifications.NotificationsPipeServer] Named pipe server is shutting down (thread: 18)
2024-11-09 14:01:49.126 - [ 15450] - [    18] - INFO  - [Unity.Licensing.Client.Communication.Notifications.NotificationsPipeServer] Named pipe server has shutdown
2024-11-09 14:01:49.131 - [ 15450] - [    10] - INFO  - [Unity.Licensing.Client.PipeServerExecutor] Releasing mutex Unity-LicenseClient-lufimio-6000.0.26 (thread: 10)
2024-11-09 14:32:16.562 - [ 12929] - [    33] - INFO  - [Unity.Licensing.Client.Configuration.ClientConfigurationLoader] Downloaded remote config from: "https://public-cdn.cloud.unity3d.com/config/production"
2024-11-09 14:32:16.562 - [ 12929] - [    33] - INFO  - [Unity.Licensing.Client.Configuration.ClientConfigurationLoader] Unity remote config is updated: "/home/lufimio/.config/unity3d/Unity/config/production.json"
2024-11-09 15:32:16.496 - [ 12929] - [    41] - INFO  - [Unity.Licensing.Client.Configuration.ClientConfigurationLoader] Downloaded remote config from: "https://public-cdn.cloud.unity3d.com/config/production"
2024-11-09 15:32:16.496 - [ 12929] - [    41] - INFO  - [Unity.Licensing.Client.Configuration.ClientConfigurationLoader] Unity remote config is updated: "/home/lufimio/.config/unity3d/Unity/config/production.json"
2024-11-09 15:32:22.183 - [ 12929] - [    11] - INFO  - [Unity.Licensing.Client.Communication.ApiPipeHandler#1] REQ-29 | Sending EntitlementsResponse for request EntitlementsRequest from Hub 3.9.1 (LocalIPC/1.15.8) [200]:  Found 1 entitlements
2024-11-09 15:32:22.184 - [ 12929] - [    11] - INFO  - [Unity.Licensing.Client.Communication.Controllers.AccessTokenController] Got access token (expires in 30758400 seconds)
2024-11-09 15:32:22.186 - [ 12929] - [    11] - INFO  - [Unity.Licensing.Client.Communication.ApiPipeHandler#1] REQ-30 | Sending AccessTokenResponse for request AccessTokenRequest from Hub 3.9.1 (LocalIPC/1.15.8) [200]:  (null)
2024-11-09 15:32:22.212 - [ 12929] - [    11] - INFO  - [Unity.Licensing.Client.Services.Helpers.LicenseFilesMapper] Successfully parsed license /home/lufimio/.config/unity3d/Unity/licenses/UnityEntitlementLicense.xml
2024-11-09 15:32:22.212 - [ 12929] - [    11] - INFO  - [Unity.Licensing.Client.Services.EntitlementResolverProvider] Rebuilding resolvers from local files:  /home/lufimio/.config/unity3d/Unity/licenses/UnityEntitlementLicense.xml
2024-11-09 15:32:22.212 - [ 12929] - [    11] - INFO  - [Unity.Licensing.Client.Services.EntitlementResolverProvider] Processing license /home/lufimio/.config/unity3d/Unity/licenses/UnityEntitlementLicense.xml
2024-11-09 15:32:22.212 - [ 12929] - [    11] - INFO  - [Unity.Licensing.Client.Services.EntitlementResolverProvider] Processed 1 license files in 00:00:00.0000696
2024-11-09 15:32:22.215 - [ 12929] - [    11] - INFO  - [Unity.Licensing.Client.Services.Helpers.LicenseFilesMapper] Successfully parsed license /home/lufimio/.config/unity3d/Unity/licenses/UnityEntitlementLicense.xml
2024-11-09 15:32:22.215 - [ 12929] - [    11] - INFO  - [Unity.Licensing.Client.Services.EntitlementResolverProvider] Rebuilding resolvers from local files:  /home/lufimio/.config/unity3d/Unity/licenses/UnityEntitlementLicense.xml
2024-11-09 15:32:22.215 - [ 12929] - [    11] - INFO  - [Unity.Licensing.Client.Services.EntitlementResolverProvider] Processing license /home/lufimio/.config/unity3d/Unity/licenses/UnityEntitlementLicense.xml
2024-11-09 15:32:22.216 - [ 12929] - [    11] - INFO  - [Unity.Licensing.Client.Services.EntitlementResolverProvider] Processed 1 license files in 00:00:00.0000659
2024-11-09 15:32:22.216 - [ 12929] - [    11] - INFO  - [Unity.Licensing.Client.Communication.ApiPipeHandler#1] REQ-31 | Sending EntitlementGroupsDetailsResponse for request EntitlementGroupsDetailsRequest from Hub 3.9.1 (LocalIPC/1.15.8) [200]:  Success, found: 1 groups
2024-11-09 15:32:23.196 - [ 12929] - [    11] - INFO  - [Unity.Licensing.Client.Services.Licensing.GenesisLicensingService] Attempting to contact genesis update license api
2024-11-09 15:32:23.376 - [ 12929] - [    41] - INFO  - [Unity.Licensing.Client.Services.Licensing.GenesisLicensingService] Trying to write updated entitlement license file...
2024-11-09 15:32:23.378 - [ 12929] - [    41] - INFO  - [Unity.Licensing.Client.Services.Licensing.GenesisLicensingService] Successfully updated license file
2024-11-09 15:32:23.382 - [ 12929] - [    11] - INFO  - [Unity.Licensing.Client.Services.Helpers.LicenseFilesMapper] Successfully parsed license /home/lufimio/.config/unity3d/Unity/licenses/UnityEntitlementLicense.xml
2024-11-09 15:32:23.382 - [ 12929] - [    11] - INFO  - [Unity.Licensing.Client.Services.EntitlementResolverProvider] Rebuilding resolvers from local files:  /home/lufimio/.config/unity3d/Unity/licenses/UnityEntitlementLicense.xml
2024-11-09 15:32:23.382 - [ 12929] - [    11] - INFO  - [Unity.Licensing.Client.Services.EntitlementResolverProvider] Processing license /home/lufimio/.config/unity3d/Unity/licenses/UnityEntitlementLicense.xml
2024-11-09 15:32:23.382 - [ 12929] - [    11] - INFO  - [Unity.Licensing.Client.Services.EntitlementResolverProvider] Processed 1 license files in 00:00:00.0000482
2024-11-09 15:32:23.382 - [ 12929] - [    11] - INFO  - [Unity.Licensing.Client.Services.LicenseOfflineValidityEndingPeriodicNotifierService] OnEntitlementResolverUpdated, will restart timer
2024-11-09 15:32:23.383 - [ 12929] - [    11] - INFO  - [Unity.Licensing.Client.Communication.ApiPipeHandler#1] REQ-32 | Sending ActivationManagementResponse for request ActivationManagementRequest from Hub 3.9.1 (LocalIPC/1.15.8) [207]:  Successfully processed activation management call
2024-11-09 15:32:23.383 - [ 12929] - [    32] - INFO  - [Unity.Licensing.Client.Services.LicenseOfflineValidityEndingPeriodicNotifierService] Will execute periodic notification again in 23.00:26:36.6166995
2024-11-09 15:32:23.400 - [ 12929] - [    11] - INFO  - [Unity.Licensing.Client.Services.Helpers.LicenseFilesMapper] Successfully parsed license /home/lufimio/.config/unity3d/Unity/licenses/UnityEntitlementLicense.xml
2024-11-09 15:32:23.400 - [ 12929] - [    11] - INFO  - [Unity.Licensing.Client.Services.EntitlementResolverProvider] Rebuilding resolvers from local files:  /home/lufimio/.config/unity3d/Unity/licenses/UnityEntitlementLicense.xml
2024-11-09 15:32:23.400 - [ 12929] - [    11] - INFO  - [Unity.Licensing.Client.Services.EntitlementResolverProvider] Processing license /home/lufimio/.config/unity3d/Unity/licenses/UnityEntitlementLicense.xml
2024-11-09 15:32:23.400 - [ 12929] - [    11] - INFO  - [Unity.Licensing.Client.Services.EntitlementResolverProvider] Processed 1 license files in 00:00:00.0000443
2024-11-09 15:32:23.404 - [ 12929] - [    11] - INFO  - [Unity.Licensing.Client.Services.Helpers.LicenseFilesMapper] Successfully parsed license /home/lufimio/.config/unity3d/Unity/licenses/UnityEntitlementLicense.xml
2024-11-09 15:32:23.404 - [ 12929] - [    11] - INFO  - [Unity.Licensing.Client.Services.EntitlementResolverProvider] Rebuilding resolvers from local files:  /home/lufimio/.config/unity3d/Unity/licenses/UnityEntitlementLicense.xml
2024-11-09 15:32:23.404 - [ 12929] - [    11] - INFO  - [Unity.Licensing.Client.Services.EntitlementResolverProvider] Processing license /home/lufimio/.config/unity3d/Unity/licenses/UnityEntitlementLicense.xml
2024-11-09 15:32:23.404 - [ 12929] - [    11] - INFO  - [Unity.Licensing.Client.Services.EntitlementResolverProvider] Processed 1 license files in 00:00:00.0000336
2024-11-09 15:32:23.404 - [ 12929] - [    11] - INFO  - [Unity.Licensing.Client.Communication.ApiPipeHandler#1] REQ-33 | Sending EntitlementGroupsDetailsResponse for request EntitlementGroupsDetailsRequest from Hub 3.9.1 (LocalIPC/1.15.8) [200]:  Success, found: 1 groups
2024-11-09 15:32:23.417 - [ 12929] - [    11] - INFO  - [Unity.Licensing.Client.Communication.ApiPipeHandler#1] REQ-34 | Sending EntitlementsResponse for request EntitlementsRequest from Hub 3.9.1 (LocalIPC/1.15.8) [200]:  Found 1 entitlements
2024-11-09 16:32:16.482 - [ 12929] - [    44] - INFO  - [Unity.Licensing.Client.Configuration.ClientConfigurationLoader] Downloaded remote config from: "https://public-cdn.cloud.unity3d.com/config/production"
2024-11-09 16:32:16.482 - [ 12929] - [    44] - INFO  - [Unity.Licensing.Client.Configuration.ClientConfigurationLoader] Unity remote config is updated: "/home/lufimio/.config/unity3d/Unity/config/production.json"
2024-11-09 17:00:52.065 - [ 12929] - [    45] - INFO  - [Unity.Licensing.Client.Communication.Notifications.NotificationsPipeServer] Connection closed (pipe #1)
2024-11-09 17:00:52.066 - [ 12929] - [    11] - INFO  - [Unity.Licensing.Client.Communication.ApiPipeHandler#1] Detected client disconnect
2024-11-09 17:00:52.066 - [ 12929] - [    11] - INFO  - [Unity.Licensing.Client.Communication.ApiPipeHandler#1] End accepting requests
2024-11-09 17:00:52.066 - [ 12929] - [    11] - INFO  - [Unity.Licensing.Client.MultiClientPipeServer] Connection closed (pipe #1)
2024-11-09 17:00:52.067 - [ 12929] - [    11] - INFO  - [Unity.Licensing.Client.Services.LicensingOrchestrator] Last active session ended.
2024-11-09 17:00:52.067 - [ 12929] - [    11] - INFO  - [Unity.Licensing.Client.PipeServerExecutor] Starting licensing client's exit timer
2024-11-09 17:00:52.067 - [ 12929] - [    11] - INFO  - [Unity.Licensing.Client.Communication.ApiPipeHandler#1] Disposing named pipe
2024-11-09 17:00:52.067 - [ 12929] - [    11] - INFO  - [Unity.Licensing.Client.Communication.ApiPipeHandler#1] Disposing named pipe
2024-11-09 17:00:52.067 - [ 12929] - [     8] - INFO  - [Unity.Licensing.Client.MultiClientPipeServer] Named pipe server is shutting down (thread: 8)
2024-11-09 17:00:52.069 - [ 12929] - [     8] - INFO  - [Unity.Licensing.Client.MultiClientPipeServer] Named pipe server has shutdown
2024-11-09 17:00:52.069 - [ 12929] - [     8] - INFO  - [Unity.Licensing.Client.Communication.Notifications.NotificationsPipeServer] Named pipe server is shutting down (thread: 8)
2024-11-09 17:00:52.070 - [ 12929] - [     8] - INFO  - [Unity.Licensing.Client.Communication.Notifications.NotificationsPipeServer] Named pipe server has shutdown
2024-11-09 17:00:52.072 - [ 12929] - [    13] - INFO  - [Unity.Licensing.Client.PipeServerExecutor] Releasing mutex Unity-LicenseClient-lufimio (thread: 13)
2024-11-24 14:53:54.114 - [458430] - [     1] - ERROR - [Unity.Licensing.Client.Services.PeriodicBorrowFeatureStatusService] Could not initialize the floating licensing service: Invalid servicesConfiguration for licensing. Make sure the licensingServiceBaseUrl servicesConfiguration is a valid URL
2024-11-24 14:53:54.202 - [458430] - [     1] - INFO  - [Unity.Licensing.Client.Program] cloudEnvironment: production
2024-11-24 14:53:54.203 - [458430] - [     1] - INFO  - [Unity.Licensing.Client.Program] Client product version: 1.15.8+6332f58
2024-11-24 14:53:54.203 - [458430] - [     1] - INFO  - [Unity.Licensing.Client.Program] Client assembly version: 1.15.8.0
2024-11-24 14:53:54.203 - [458430] - [     1] - INFO  - [Unity.Licensing.Client.Program] File version: 1.15.8 (/opt/unityhub/UnityLicensingClient_V1/Unity.Licensing.Client.dll)
2024-11-24 14:53:54.203 - [458430] - [     1] - INFO  - [Unity.Licensing.Client.Program] Current OS: Linux 6.11.9-arch1-1 #1 SMP PREEMPT_DYNAMIC Sun, 17 Nov 2024 16:06:17 +0000
2024-11-24 14:53:54.203 - [458430] - [     1] - INFO  - [Unity.Licensing.Client.Program] Command line arguments:  --namedPipe Unity-LicenseClient-lufimio --cloudEnvironment production
2024-11-24 14:53:54.205 - [458430] - [     1] - INFO  - [Unity.Licensing.Client.Program] Analytics CorrelationId: 51989c33b068742804fb29f92c3db848
2024-11-24 14:53:54.208 - [458430] - [    10] - INFO  - [Unity.Licensing.Client.PipeServerExecutor] GlobalMutex Unity-LicenseClient-lufimio created (on thread: 10)
2024-11-24 14:53:54.208 - [458430] - [     1] - WARN  - [Unity.Licensing.Client.Services.LicensingOrchestrator] Floating licensing service disabled: Invalid servicesConfiguration for licensing. Make sure the licensingServiceBaseUrl servicesConfiguration is a valid URL
2024-11-24 14:53:54.209 - [458430] - [     1] - WARN  - [Unity.Licensing.Client.Services.LicensingOrchestrator] Licensing replication disabled: Failed to acquire Licensing Service URL from configuration under configuration key: licensingServiceBaseUrl
2024-11-24 14:53:54.246 - [458430] - [     1] - INFO  - [Unity.Licensing.Client.Services.Helpers.LicenseFilesMapper] Successfully parsed license /home/lufimio/.config/unity3d/Unity/licenses/UnityEntitlementLicense.xml
2024-11-24 14:53:54.248 - [458430] - [     1] - INFO  - [Unity.Licensing.Client.Services.EntitlementResolverProvider] Rebuilding resolvers from local files:  /home/lufimio/.config/unity3d/Unity/licenses/UnityEntitlementLicense.xml
2024-11-24 14:53:54.249 - [458430] - [     1] - INFO  - [Unity.Licensing.Client.Services.EntitlementResolverProvider] Processing license /home/lufimio/.config/unity3d/Unity/licenses/UnityEntitlementLicense.xml
2024-11-24 14:53:54.251 - [458430] - [     1] - INFO  - [Unity.Licensing.Client.Services.EntitlementResolverProvider] Processed 1 license files in 00:00:00.0030421
2024-11-24 14:53:54.271 - [458430] - [     1] - INFO  - [Unity.Licensing.Client.Services.Helpers.LicenseFilesMapper] Successfully parsed license /home/lufimio/.config/unity3d/Unity/licenses/UnityEntitlementLicense.xml
2024-11-24 14:53:54.271 - [458430] - [     1] - INFO  - [Unity.Licensing.Client.Services.Replication.InactiveLicenseFileCleaner] Start cleaning expired and inactive license file(s): 
/home/lufimio/.config/unity3d/Unity/licenses/UnityEntitlementLicense.xml
2024-11-24 14:53:54.272 - [458430] - [     1] - INFO  - [Unity.Licensing.Client.Services.Replication.InactiveLicenseFileCleaner] Cleanup finished successfully, deleted 0 expired license file(s)
2024-11-24 14:53:54.277 - [458430] - [    16] - INFO  - [Unity.Licensing.Client.Services.Package.PackageEnforcer] Trying to update PACL ...
2024-11-24 14:53:54.279 - [458430] - [    17] - INFO  - [Unity.Licensing.Client.MultiClientPipeServer] Starting named pipe server (on thread: 17)
2024-11-24 14:53:54.284 - [458430] - [    17] - INFO  - [Unity.Licensing.Client.MultiClientPipeServer] Named pipe server started
2024-11-24 14:53:54.284 - [458430] - [    16] - INFO  - [Unity.Licensing.Client.Services.Package.PackageService] Getting PACL from remote uri: "https://license.unity3d.com/licenses/v1/packages/acl" ...
2024-11-24 14:53:54.284 - [458430] - [.NET Long Running Task] - INFO  - [Unity.Licensing.Client.MultiClientPipeServer] Waiting for a connection (pipe #1)
2024-11-24 14:53:54.284 - [458430] - [    17] - INFO  - [Unity.Licensing.Client.Communication.Notifications.NotificationsPipeServer] Starting named pipe server (on thread: 17)
2024-11-24 14:53:54.285 - [458430] - [    17] - INFO  - [Unity.Licensing.Client.Communication.Notifications.NotificationsPipeServer] Named pipe server started
2024-11-24 14:53:54.285 - [458430] - [.NET Long Running Task] - INFO  - [Unity.Licensing.Client.Communication.Notifications.NotificationsPipeServer] Waiting for a connection (pipe #1)
2024-11-24 14:53:54.288 - [458430] - [    16] - INFO  - [Unity.Licensing.Client.Services.Package.PackageService] Local PACL revision: 39
2024-11-24 14:53:54.316 - [458430] - [.NET Long Running Task] - INFO  - [Unity.Licensing.Client.MultiClientPipeServer] Waiting for a connection (pipe #2)
2024-11-24 14:53:54.320 - [458430] - [    11] - INFO  - [Unity.Licensing.Client.Communication.ApiPipeHandler#1] new pipe session: 74473c5fc9e947cc91e8b63d29e932d0
2024-11-24 14:53:54.322 - [458430] - [    11] - INFO  - [Unity.Licensing.Client.MultiClientPipeServer] A new client is connecting (pipe #1)
2024-11-24 14:53:54.323 - [458430] - [    11] - INFO  - [Unity.Licensing.Client.Communication.ApiPipeHandler#1] Start accepting requests
2024-11-24 14:53:54.354 - [458430] - [    11] - INFO  - [Unity.Licensing.Client.Communication.Controllers.HandshakeController] Received handshake from: Hub 3.9.1 (LocalIPC/1.15.8)
2024-11-24 14:53:54.373 - [458430] - [    11] - INFO  - [Unity.Licensing.Client.Communication.ApiPipeHandler#1] REQ-1 | Sending HandshakeResponse for request HandshakeRequest from Hub 3.9.1 (LocalIPC/1.15.8) [200]:  Handshake successful
2024-11-24 14:53:54.379 - [458430] - [.NET Long Running Task] - INFO  - [Unity.Licensing.Client.Communication.Notifications.NotificationsPipeServer] Waiting for a connection (pipe #2)
2024-11-24 14:53:54.380 - [458430] - [    13] - INFO  - [Unity.Licensing.Client.Communication.Notifications.NotificationsPipeServer] A new client is connecting (pipe #1)
2024-11-24 14:53:54.518 - [458430] - [    13] - WARN  - [PackageService.HttpRequests] Handled response: [304 | Not Modified | ] from request: [GET | https://license.unity3d.com/licenses/v1/packages/acl | ]
2024-11-24 14:53:54.520 - [458430] - [    13] - INFO  - [Unity.Licensing.Client.Services.Package.PackageService] Skipping download. No difference between local and remote ETag (uri: "https://license.unity3d.com/licenses/v1/packages/acl", ETag: "a47d5a1970206e966118a4cde027cb63")
2024-11-24 14:53:54.521 - [458430] - [    13] - INFO  - [Unity.Licensing.Client.Services.Package.PackageEnforcer] Successfully updated PACL file after 1 attempt(s). Next update in 24.00 hours.
2024-11-24 14:53:54.521 - [458430] - [    13] - INFO  - [Unity.Licensing.Client.Services.Package.PackageEnforcer] Loading remote PACL, revision: 39, version: 1.0
2024-11-24 14:53:55.627 - [458430] - [    11] - INFO  - [Unity.Licensing.Client.Communication.Controllers.AccessTokenController] Got access token (expires in 30758400 seconds)
2024-11-24 14:53:55.630 - [458430] - [    11] - INFO  - [Unity.Licensing.Client.Communication.ApiPipeHandler#1] REQ-2 | Sending AccessTokenResponse for request AccessTokenRequest from Hub 3.9.1 (LocalIPC/1.15.8) [200]:  (null)
2024-11-24 14:53:55.645 - [458430] - [    11] - INFO  - [Unity.Licensing.Client.Services.Helpers.LicenseFilesMapper] Successfully parsed license /home/lufimio/.config/unity3d/Unity/licenses/UnityEntitlementLicense.xml
2024-11-24 14:53:55.645 - [458430] - [    11] - INFO  - [Unity.Licensing.Client.Services.EntitlementResolverProvider] Rebuilding resolvers from local files:  /home/lufimio/.config/unity3d/Unity/licenses/UnityEntitlementLicense.xml
2024-11-24 14:53:55.645 - [458430] - [    11] - INFO  - [Unity.Licensing.Client.Services.EntitlementResolverProvider] Processing license /home/lufimio/.config/unity3d/Unity/licenses/UnityEntitlementLicense.xml
2024-11-24 14:53:55.646 - [458430] - [    11] - INFO  - [Unity.Licensing.Client.Services.EntitlementResolverProvider] Processed 1 license files in 00:00:00.0002075
2024-11-24 14:53:55.658 - [458430] - [    11] - INFO  - [Unity.Licensing.Client.Services.Helpers.LicenseFilesMapper] Successfully parsed license /home/lufimio/.config/unity3d/Unity/licenses/UnityEntitlementLicense.xml
2024-11-24 14:53:55.658 - [458430] - [    11] - INFO  - [Unity.Licensing.Client.Services.EntitlementResolverProvider] Rebuilding resolvers from local files:  /home/lufimio/.config/unity3d/Unity/licenses/UnityEntitlementLicense.xml
2024-11-24 14:53:55.658 - [458430] - [    11] - INFO  - [Unity.Licensing.Client.Services.EntitlementResolverProvider] Processing license /home/lufimio/.config/unity3d/Unity/licenses/UnityEntitlementLicense.xml
2024-11-24 14:53:55.658 - [458430] - [    11] - INFO  - [Unity.Licensing.Client.Services.EntitlementResolverProvider] Processed 1 license files in 00:00:00.0000544
2024-11-24 14:53:55.662 - [458430] - [    11] - INFO  - [Unity.Licensing.Client.Communication.ApiPipeHandler#1] REQ-3 | Sending EntitlementGroupsDetailsResponse for request EntitlementGroupsDetailsRequest from Hub 3.9.1 (LocalIPC/1.15.8) [200]:  Success, found: 1 groups
2024-11-24 14:53:55.669 - [458430] - [    11] - INFO  - [Unity.Licensing.Client.Services.Helpers.LicenseFilesMapper] Successfully parsed license /home/lufimio/.config/unity3d/Unity/licenses/UnityEntitlementLicense.xml
2024-11-24 14:53:55.669 - [458430] - [    11] - INFO  - [Unity.Licensing.Client.Services.EntitlementResolverProvider] Rebuilding resolvers from local files:  /home/lufimio/.config/unity3d/Unity/licenses/UnityEntitlementLicense.xml
2024-11-24 14:53:55.669 - [458430] - [    11] - INFO  - [Unity.Licensing.Client.Services.EntitlementResolverProvider] Processing license /home/lufimio/.config/unity3d/Unity/licenses/UnityEntitlementLicense.xml
2024-11-24 14:53:55.669 - [458430] - [    11] - INFO  - [Unity.Licensing.Client.Services.EntitlementResolverProvider] Processed 1 license files in 00:00:00.0000731
2024-11-24 14:53:55.675 - [458430] - [    11] - INFO  - [Unity.Licensing.Client.Services.Helpers.LicenseFilesMapper] Successfully parsed license /home/lufimio/.config/unity3d/Unity/licenses/UnityEntitlementLicense.xml
2024-11-24 14:53:55.675 - [458430] - [    11] - INFO  - [Unity.Licensing.Client.Services.EntitlementResolverProvider] Rebuilding resolvers from local files:  /home/lufimio/.config/unity3d/Unity/licenses/UnityEntitlementLicense.xml
2024-11-24 14:53:55.675 - [458430] - [    11] - INFO  - [Unity.Licensing.Client.Services.EntitlementResolverProvider] Processing license /home/lufimio/.config/unity3d/Unity/licenses/UnityEntitlementLicense.xml
2024-11-24 14:53:55.675 - [458430] - [    11] - INFO  - [Unity.Licensing.Client.Services.EntitlementResolverProvider] Processed 1 license files in 00:00:00.0000987
2024-11-24 14:53:55.676 - [458430] - [    11] - INFO  - [Unity.Licensing.Client.Communication.ApiPipeHandler#1] REQ-4 | Sending EntitlementGroupsDetailsResponse for request EntitlementGroupsDetailsRequest from Hub 3.9.1 (LocalIPC/1.15.8) [200]:  Success, found: 1 groups
2024-11-24 14:53:55.693 - [458430] - [    11] - INFO  - [Unity.Licensing.Client.Services.Helpers.LicenseFilesMapper] Successfully parsed license /home/lufimio/.config/unity3d/Unity/licenses/UnityEntitlementLicense.xml
2024-11-24 14:53:55.693 - [458430] - [    11] - INFO  - [Unity.Licensing.Client.Services.EntitlementResolverProvider] Rebuilding resolvers from local files:  /home/lufimio/.config/unity3d/Unity/licenses/UnityEntitlementLicense.xml
2024-11-24 14:53:55.693 - [458430] - [    11] - INFO  - [Unity.Licensing.Client.Services.EntitlementResolverProvider] Processing license /home/lufimio/.config/unity3d/Unity/licenses/UnityEntitlementLicense.xml
2024-11-24 14:53:55.693 - [458430] - [    11] - INFO  - [Unity.Licensing.Client.Services.EntitlementResolverProvider] Processed 1 license files in 00:00:00.0001197
2024-11-24 14:53:55.704 - [458430] - [    11] - INFO  - [Unity.Licensing.Client.Services.Helpers.LicenseFilesMapper] Successfully parsed license /home/lufimio/.config/unity3d/Unity/licenses/UnityEntitlementLicense.xml
2024-11-24 14:53:55.704 - [458430] - [    11] - INFO  - [Unity.Licensing.Client.Services.EntitlementResolverProvider] Rebuilding resolvers from local files:  /home/lufimio/.config/unity3d/Unity/licenses/UnityEntitlementLicense.xml
2024-11-24 14:53:55.704 - [458430] - [    11] - INFO  - [Unity.Licensing.Client.Services.EntitlementResolverProvider] Processing license /home/lufimio/.config/unity3d/Unity/licenses/UnityEntitlementLicense.xml
2024-11-24 14:53:55.704 - [458430] - [    11] - INFO  - [Unity.Licensing.Client.Services.EntitlementResolverProvider] Processed 1 license files in 00:00:00.0001598
2024-11-24 14:53:55.705 - [458430] - [    11] - INFO  - [Unity.Licensing.Client.Communication.ApiPipeHandler#1] REQ-5 | Sending EntitlementGroupsDetailsResponse for request EntitlementGroupsDetailsRequest from Hub 3.9.1 (LocalIPC/1.15.8) [200]:  Success, found: 1 groups
2024-11-24 14:53:55.717 - [458430] - [    11] - INFO  - [Unity.Licensing.Client.Services.Helpers.LicenseFilesMapper] Successfully parsed license /home/lufimio/.config/unity3d/Unity/licenses/UnityEntitlementLicense.xml
2024-11-24 14:53:55.717 - [458430] - [    11] - INFO  - [Unity.Licensing.Client.Services.EntitlementResolverProvider] Rebuilding resolvers from local files:  /home/lufimio/.config/unity3d/Unity/licenses/UnityEntitlementLicense.xml
2024-11-24 14:53:55.717 - [458430] - [    11] - INFO  - [Unity.Licensing.Client.Services.EntitlementResolverProvider] Processing license /home/lufimio/.config/unity3d/Unity/licenses/UnityEntitlementLicense.xml
2024-11-24 14:53:55.717 - [458430] - [    11] - INFO  - [Unity.Licensing.Client.Services.EntitlementResolverProvider] Processed 1 license files in 00:00:00.0001231
2024-11-24 14:53:55.727 - [458430] - [    11] - INFO  - [Unity.Licensing.Client.Services.Helpers.LicenseFilesMapper] Successfully parsed license /home/lufimio/.config/unity3d/Unity/licenses/UnityEntitlementLicense.xml
2024-11-24 14:53:55.727 - [458430] - [    11] - INFO  - [Unity.Licensing.Client.Services.EntitlementResolverProvider] Rebuilding resolvers from local files:  /home/lufimio/.config/unity3d/Unity/licenses/UnityEntitlementLicense.xml
2024-11-24 14:53:55.727 - [458430] - [    11] - INFO  - [Unity.Licensing.Client.Services.EntitlementResolverProvider] Processing license /home/lufimio/.config/unity3d/Unity/licenses/UnityEntitlementLicense.xml
2024-11-24 14:53:55.727 - [458430] - [    11] - INFO  - [Unity.Licensing.Client.Services.EntitlementResolverProvider] Processed 1 license files in 00:00:00.0000556
2024-11-24 14:53:55.727 - [458430] - [    11] - INFO  - [Unity.Licensing.Client.Communication.ApiPipeHandler#1] REQ-6 | Sending EntitlementGroupsDetailsResponse for request EntitlementGroupsDetailsRequest from Hub 3.9.1 (LocalIPC/1.15.8) [200]:  Success, found: 1 groups
2024-11-24 14:53:56.574 - [458430] - [    11] - INFO  - [Unity.Licensing.Client.Services.Licensing.GenesisLicensingService] Attempting to contact genesis update license api
2024-11-24 14:53:56.743 - [458430] - [     6] - INFO  - [Unity.Licensing.Client.Services.Licensing.GenesisLicensingService] Trying to write updated entitlement license file...
2024-11-24 14:53:56.744 - [458430] - [     6] - INFO  - [Unity.Licensing.Client.Services.Licensing.GenesisLicensingService] Successfully updated license file
2024-11-24 14:53:56.750 - [458430] - [    11] - INFO  - [Unity.Licensing.Client.Services.Helpers.LicenseFilesMapper] Successfully parsed license /home/lufimio/.config/unity3d/Unity/licenses/UnityEntitlementLicense.xml
2024-11-24 14:53:56.750 - [458430] - [    11] - INFO  - [Unity.Licensing.Client.Services.EntitlementResolverProvider] Rebuilding resolvers from local files:  /home/lufimio/.config/unity3d/Unity/licenses/UnityEntitlementLicense.xml
2024-11-24 14:53:56.750 - [458430] - [    11] - INFO  - [Unity.Licensing.Client.Services.EntitlementResolverProvider] Processing license /home/lufimio/.config/unity3d/Unity/licenses/UnityEntitlementLicense.xml
2024-11-24 14:53:56.750 - [458430] - [    11] - INFO  - [Unity.Licensing.Client.Services.EntitlementResolverProvider] Processed 1 license files in 00:00:00.0000981
2024-11-24 14:53:56.753 - [458430] - [     6] - INFO  - [Unity.Licensing.Client.Services.EntitlementResolverProvider] OnLicenseDirUpdate
2024-11-24 14:53:56.753 - [458430] - [    11] - INFO  - [Unity.Licensing.Client.Services.LicenseOfflineValidityEndingPeriodicNotifierService] OnEntitlementResolverUpdated, will restart timer
2024-11-24 14:53:56.756 - [458430] - [    11] - INFO  - [Unity.Licensing.Client.Communication.ApiPipeHandler#1] REQ-7 | Sending ActivationManagementResponse for request ActivationManagementRequest from Hub 3.9.1 (LocalIPC/1.15.8) [207]:  Successfully processed activation management call
2024-11-24 14:53:56.763 - [458430] - [    11] - INFO  - [Unity.Licensing.Client.Services.Helpers.LicenseFilesMapper] Successfully parsed license /home/lufimio/.config/unity3d/Unity/licenses/UnityEntitlementLicense.xml
2024-11-24 14:53:56.763 - [458430] - [    11] - INFO  - [Unity.Licensing.Client.Services.EntitlementResolverProvider] Rebuilding resolvers from local files:  /home/lufimio/.config/unity3d/Unity/licenses/UnityEntitlementLicense.xml
2024-11-24 14:53:56.763 - [458430] - [    11] - INFO  - [Unity.Licensing.Client.Services.EntitlementResolverProvider] Processing license /home/lufimio/.config/unity3d/Unity/licenses/UnityEntitlementLicense.xml
2024-11-24 14:53:56.763 - [458430] - [    11] - INFO  - [Unity.Licensing.Client.Services.EntitlementResolverProvider] Processed 1 license files in 00:00:00.0000505
2024-11-24 14:53:56.765 - [458430] - [    13] - INFO  - [Unity.Licensing.Client.Services.LicenseOfflineValidityEndingPeriodicNotifierService] Will execute periodic notification again in 23.01:05:03.2389469
2024-11-24 14:53:56.768 - [458430] - [    11] - INFO  - [Unity.Licensing.Client.Services.Helpers.LicenseFilesMapper] Successfully parsed license /home/lufimio/.config/unity3d/Unity/licenses/UnityEntitlementLicense.xml
2024-11-24 14:53:56.768 - [458430] - [    11] - INFO  - [Unity.Licensing.Client.Services.EntitlementResolverProvider] Rebuilding resolvers from local files:  /home/lufimio/.config/unity3d/Unity/licenses/UnityEntitlementLicense.xml
2024-11-24 14:53:56.768 - [458430] - [    11] - INFO  - [Unity.Licensing.Client.Services.EntitlementResolverProvider] Processing license /home/lufimio/.config/unity3d/Unity/licenses/UnityEntitlementLicense.xml
2024-11-24 14:53:56.768 - [458430] - [    11] - INFO  - [Unity.Licensing.Client.Services.EntitlementResolverProvider] Processed 1 license files in 00:00:00.0000637
2024-11-24 14:53:56.768 - [458430] - [    11] - INFO  - [Unity.Licensing.Client.Communication.ApiPipeHandler#1] REQ-8 | Sending EntitlementGroupsDetailsResponse for request EntitlementGroupsDetailsRequest from Hub 3.9.1 (LocalIPC/1.15.8) [200]:  Success, found: 1 groups
2024-11-24 14:53:56.774 - [458430] - [    11] - INFO  - [Unity.Licensing.Client.Services.Helpers.LicenseFilesMapper] Successfully parsed license /home/lufimio/.config/unity3d/Unity/licenses/UnityEntitlementLicense.xml
2024-11-24 14:53:56.774 - [458430] - [    11] - INFO  - [Unity.Licensing.Client.Services.EntitlementResolverProvider] Rebuilding resolvers from local files:  /home/lufimio/.config/unity3d/Unity/licenses/UnityEntitlementLicense.xml
2024-11-24 14:53:56.774 - [458430] - [    11] - INFO  - [Unity.Licensing.Client.Services.EntitlementResolverProvider] Processing license /home/lufimio/.config/unity3d/Unity/licenses/UnityEntitlementLicense.xml
2024-11-24 14:53:56.774 - [458430] - [    11] - INFO  - [Unity.Licensing.Client.Services.EntitlementResolverProvider] Processed 1 license files in 00:00:00.0000584
2024-11-24 14:53:56.777 - [458430] - [    11] - INFO  - [Unity.Licensing.Client.Services.Helpers.LicenseFilesMapper] Successfully parsed license /home/lufimio/.config/unity3d/Unity/licenses/UnityEntitlementLicense.xml
2024-11-24 14:53:56.778 - [458430] - [    11] - INFO  - [Unity.Licensing.Client.Services.EntitlementResolverProvider] Rebuilding resolvers from local files:  /home/lufimio/.config/unity3d/Unity/licenses/UnityEntitlementLicense.xml
2024-11-24 14:53:56.778 - [458430] - [    11] - INFO  - [Unity.Licensing.Client.Services.EntitlementResolverProvider] Processing license /home/lufimio/.config/unity3d/Unity/licenses/UnityEntitlementLicense.xml
2024-11-24 14:53:56.778 - [458430] - [    11] - INFO  - [Unity.Licensing.Client.Services.EntitlementResolverProvider] Processed 1 license files in 00:00:00.0000536
2024-11-24 14:53:56.778 - [458430] - [    11] - INFO  - [Unity.Licensing.Client.Communication.ApiPipeHandler#1] REQ-9 | Sending EntitlementGroupsDetailsResponse for request EntitlementGroupsDetailsRequest from Hub 3.9.1 (LocalIPC/1.15.8) [200]:  Success, found: 1 groups
2024-11-24 14:53:57.002 - [458430] - [    11] - INFO  - [Unity.Licensing.Client.Communication.ApiPipeHandler#1] REQ-10 | Sending EntitlementsResponse for request EntitlementsRequest from Hub 3.9.1 (LocalIPC/1.15.8) [200]:  Found 1 entitlements
2024-11-24 14:53:58.011 - [458430] - [    11] - INFO  - [Unity.Licensing.Client.Services.Helpers.LicenseFilesMapper] Successfully parsed license /home/lufimio/.config/unity3d/Unity/licenses/UnityEntitlementLicense.xml
2024-11-24 14:53:58.012 - [458430] - [    11] - INFO  - [Unity.Licensing.Client.Services.EntitlementResolverProvider] Rebuilding resolvers from local files:  /home/lufimio/.config/unity3d/Unity/licenses/UnityEntitlementLicense.xml
2024-11-24 14:53:58.012 - [458430] - [    11] - INFO  - [Unity.Licensing.Client.Services.EntitlementResolverProvider] Processing license /home/lufimio/.config/unity3d/Unity/licenses/UnityEntitlementLicense.xml
2024-11-24 14:53:58.012 - [458430] - [    11] - INFO  - [Unity.Licensing.Client.Services.EntitlementResolverProvider] Processed 1 license files in 00:00:00.0000817
2024-11-24 14:53:58.016 - [458430] - [    11] - INFO  - [Unity.Licensing.Client.Services.Helpers.LicenseFilesMapper] Successfully parsed license /home/lufimio/.config/unity3d/Unity/licenses/UnityEntitlementLicense.xml
2024-11-24 14:53:58.016 - [458430] - [    11] - INFO  - [Unity.Licensing.Client.Services.EntitlementResolverProvider] Rebuilding resolvers from local files:  /home/lufimio/.config/unity3d/Unity/licenses/UnityEntitlementLicense.xml
2024-11-24 14:53:58.016 - [458430] - [    11] - INFO  - [Unity.Licensing.Client.Services.EntitlementResolverProvider] Processing license /home/lufimio/.config/unity3d/Unity/licenses/UnityEntitlementLicense.xml
2024-11-24 14:53:58.017 - [458430] - [    11] - INFO  - [Unity.Licensing.Client.Services.EntitlementResolverProvider] Processed 1 license files in 00:00:00.0000701
2024-11-24 14:53:58.017 - [458430] - [    11] - INFO  - [Unity.Licensing.Client.Communication.ApiPipeHandler#1] REQ-11 | Sending EntitlementGroupsDetailsResponse for request EntitlementGroupsDetailsRequest from Hub 3.9.1 (LocalIPC/1.15.8) [200]:  Success, found: 1 groups
2024-11-24 14:53:58.030 - [458430] - [    11] - INFO  - [Unity.Licensing.Client.Communication.ApiPipeHandler#1] REQ-12 | Sending EntitlementsResponse for request EntitlementsRequest from Hub 3.9.1 (LocalIPC/1.15.8) [200]:  Found 1 entitlements
2024-11-24 14:53:58.454 - [458430] - [    11] - INFO  - [Unity.Licensing.Client.Services.Helpers.LicenseFilesMapper] Successfully parsed license /home/lufimio/.config/unity3d/Unity/licenses/UnityEntitlementLicense.xml
2024-11-24 14:53:58.454 - [458430] - [    11] - INFO  - [Unity.Licensing.Client.Services.EntitlementResolverProvider] Rebuilding resolvers from local files:  /home/lufimio/.config/unity3d/Unity/licenses/UnityEntitlementLicense.xml
2024-11-24 14:53:58.454 - [458430] - [    11] - INFO  - [Unity.Licensing.Client.Services.EntitlementResolverProvider] Processing license /home/lufimio/.config/unity3d/Unity/licenses/UnityEntitlementLicense.xml
2024-11-24 14:53:58.454 - [458430] - [    11] - INFO  - [Unity.Licensing.Client.Services.EntitlementResolverProvider] Processed 1 license files in 00:00:00.0001662
2024-11-24 14:53:58.463 - [458430] - [    11] - INFO  - [Unity.Licensing.Client.Services.Helpers.LicenseFilesMapper] Successfully parsed license /home/lufimio/.config/unity3d/Unity/licenses/UnityEntitlementLicense.xml
2024-11-24 14:53:58.463 - [458430] - [    11] - INFO  - [Unity.Licensing.Client.Services.EntitlementResolverProvider] Rebuilding resolvers from local files:  /home/lufimio/.config/unity3d/Unity/licenses/UnityEntitlementLicense.xml
2024-11-24 14:53:58.464 - [458430] - [    11] - INFO  - [Unity.Licensing.Client.Services.EntitlementResolverProvider] Processing license /home/lufimio/.config/unity3d/Unity/licenses/UnityEntitlementLicense.xml
2024-11-24 14:53:58.464 - [458430] - [    11] - INFO  - [Unity.Licensing.Client.Services.EntitlementResolverProvider] Processed 1 license files in 00:00:00.0001138
2024-11-24 14:53:58.464 - [458430] - [    11] - INFO  - [Unity.Licensing.Client.Communication.ApiPipeHandler#1] REQ-13 | Sending EntitlementGroupsDetailsResponse for request EntitlementGroupsDetailsRequest from Hub 3.9.1 (LocalIPC/1.15.8) [200]:  Success, found: 1 groups
2024-11-24 14:53:58.511 - [458430] - [    11] - INFO  - [Unity.Licensing.Client.Communication.ApiPipeHandler#1] REQ-14 | Sending EntitlementsResponse for request EntitlementsRequest from Hub 3.9.1 (LocalIPC/1.15.8) [200]:  Found 1 entitlements
2024-11-24 14:54:56.897 - [458430] - [    11] - INFO  - [Unity.Licensing.Client.Communication.ApiPipeHandler#1] REQ-15 | Sending EntitlementsResponse for request EntitlementsRequest from Hub 3.9.1 (LocalIPC/1.15.8) [200]:  Found 1 entitlements
2024-11-24 15:53:54.293 - [458430] - [     8] - INFO  - [Unity.Licensing.Client.Configuration.ClientConfigurationLoader] Downloaded remote config from: "https://public-cdn.cloud.unity3d.com/config/production"
2024-11-24 15:53:54.294 - [458430] - [     8] - INFO  - [Unity.Licensing.Client.Configuration.ClientConfigurationLoader] Unity remote config is updated: "/home/lufimio/.config/unity3d/Unity/config/production.json"
