Preloaded 'libFileBrowser.so'
Preloaded 'libKS_Diagnostics_Process.so'
Preloaded 'libastyle.so'
Display 0 'eDP-1 15"': 1366x768 (primary device).
[Physics::Module] Initialized MultithreadedJobDispatcher with {0} workers.
Unable to load player prefs
Desktop is 1366 x 768 @ 60 Hz
Initialize engine version: 2021.3.37f1 (3b6005ad5ad6)
[Subsystems] Discovering subsystems at path /home/lufimio/Downloads/SquareLine_Studio_Linux_v1_5_0/SquareLine_Studio_Data/UnitySubsystems
GfxDevice: creating device client; threaded=1; jobified=0
Renderer: Mesa Intel(R) Graphics (ADL GT2)
Vendor:   Intel
Version:  4.6 (Core Profile) Mesa 24.2.6-arch1.1
GLES:     0
 GL_3DFX_texture_compression_FXT1 GL_AMD_conservative_depth GL_AMD_depth_clamp_separate GL_AMD_draw_buffers_blend GL_AMD_gpu_shader_int64 GL_AMD_multi_draw_indirect GL_AMD_performance_monitor GL_AMD_pinned_memory GL_AMD_query_buffer_object GL_AMD_seamless_cubemap_per_texture GL_AMD_shader_stencil_export GL_AMD_shader_trinary_minmax GL_AMD_texture_texture4 GL_AMD_vertex_shader_layer GL_AMD_vertex_shader_viewport_index GL_ANGLE_texture_compression_dxt3 GL_ANGLE_texture_compression_dxt5 GL_ARB_ES2_compatibility GL_ARB_ES3_1_compatibility GL_ARB_ES3_2_compatibility GL_ARB_ES3_compatibility GL_ARB_arrays_of_arrays GL_ARB_base_instance GL_ARB_blend_func_extended GL_ARB_buffer_storage GL_ARB_clear_buffer_object GL_ARB_clear_texture GL_ARB_clip_control GL_ARB_compressed_texture_pixel_storage GL_ARB_compute_shader GL_ARB_compute_variable_group_size GL_ARB_conditional_render_inverted GL_ARB_conservative_depth GL_ARB_copy_buffer GL_ARB_copy_image GL_ARB_cull_distance GL_ARB_debug_output GL_ARB_depth_buffer_float GL_ARB
_depth_clamp GL_ARB_derivative_control GL_ARB_direct_state_access GL_ARB_draw_buffers GL_ARB_draw_buffers_blend GL_ARB_draw_elements_base_vertex GL_ARB_draw_indirect GL_ARB_draw_instanced GL_ARB_enhanced_layouts GL_ARB_explicit_attrib_location GL_ARB_explicit_uniform_location GL_ARB_fragment_coord_conventions GL_ARB_fragment_layer_viewport GL_ARB_fragment_shader GL_ARB_fragment_shader_interlock GL_ARB_framebuffer_no_attachments GL_ARB_framebuffer_object GL_ARB_framebuffer_sRGB GL_ARB_get_program_binary GL_ARB_get_texture_sub_image GL_ARB_gl_spirv GL_ARB_gpu_shader5 GL_ARB_gpu_shader_fp64 GL_ARB_gpu_shader_int64 GL_ARB_half_float_pixel GL_ARB_half_float_vertex GL_ARB_indirect_parameters GL_ARB_instanced_arrays GL_ARB_internalformat_query GL_ARB_internalformat_query2 GL_ARB_invalidate_subdata GL_ARB_map_buffer_alignment GL_ARB_map_buffer_range GL_ARB_multi_bind GL_ARB_multi_draw_indirect GL_ARB_occlusion_query2 GL_ARB_parallel_shader_compile GL_ARB_pipeline_statistics_query GL_ARB_pixel_buffer_object GL_ARB_po
int_sprite GL_ARB_polygon_offset_clamp GL_ARB_post_depth_coverage GL_ARB_program_interface_query GL_ARB_provoking_vertex GL_ARB_query_buffer_object GL_ARB_robust_buffer_access_behavior GL_ARB_robustness GL_ARB_sample_shading GL_ARB_sampler_objects GL_ARB_seamless_cube_map GL_ARB_seamless_cubemap_per_texture GL_ARB_separate_shader_objects GL_ARB_shader_atomic_counter_ops GL_ARB_shader_atomic_counters GL_ARB_shader_ballot GL_ARB_shader_bit_encoding GL_ARB_shader_clock GL_ARB_shader_draw_parameters GL_ARB_shader_group_vote GL_ARB_shader_image_load_store GL_ARB_shader_image_size GL_ARB_shader_objects GL_ARB_shader_precision GL_ARB_shader_stencil_export GL_ARB_shader_storage_buffer_object GL_ARB_shader_subroutine GL_ARB_shader_texture_image_samples GL_ARB_shader_texture_lod GL_ARB_shader_viewport_layer_array GL_ARB_shading_language_420pack GL_ARB_shading_language_include GL_ARB_shading_language_packing GL_ARB_spirv_extensions GL_ARB_stencil_texturing GL_ARB_sync GL_ARB_tessellation_shader GL_ARB_texture_barrier G
L_ARB_texture_border_clamp GL_ARB_texture_buffer_object GL_ARB_texture_buffer_object_rgb32 GL_ARB_texture_buffer_range GL_ARB_texture_compression_bptc GL_ARB_texture_compression_rgtc GL_ARB_texture_cube_map_array GL_ARB_texture_filter_anisotropic GL_ARB_texture_float GL_ARB_texture_gather GL_ARB_texture_mirror_clamp_to_edge GL_ARB_texture_multisample GL_ARB_texture_non_power_of_two GL_ARB_texture_query_levels GL_ARB_texture_query_lod GL_ARB_texture_rectangle GL_ARB_texture_rg GL_ARB_texture_rgb10_a2ui GL_ARB_texture_stencil8 GL_ARB_texture_storage GL_ARB_texture_storage_multisample GL_ARB_texture_swizzle GL_ARB_texture_view GL_ARB_timer_query GL_ARB_transform_feedback2 GL_ARB_transform_feedback3 GL_ARB_transform_feedback_instanced GL_ARB_transform_feedback_overflow_query GL_ARB_uniform_buffer_object GL_ARB_vertex_array_bgra GL_ARB_vertex_array_object GL_ARB_vertex_attrib_64bit GL_ARB_vertex_attrib_binding GL_ARB_vertex_buffer_object GL_ARB_vertex_shader GL_ARB_vertex_type_10f_11f_11f_rev GL_ARB_vertex_type_2
_10_10_10_rev GL_ARB_viewport_array GL_ATI_blend_equation_separate GL_ATI_texture_float GL_EXT_EGL_image_storage GL_EXT_EGL_image_storage_compression GL_EXT_EGL_sync GL_EXT_abgr GL_EXT_blend_equation_separate GL_EXT_debug_label GL_EXT_demote_to_helper_invocation GL_EXT_depth_bounds_test GL_EXT_draw_buffers2 GL_EXT_draw_instanced GL_EXT_framebuffer_blit GL_EXT_framebuffer_multisample GL_EXT_framebuffer_multisample_blit_scaled GL_EXT_framebuffer_object GL_EXT_framebuffer_sRGB GL_EXT_memory_object GL_EXT_memory_object_fd GL_EXT_packed_depth_stencil GL_EXT_packed_float GL_EXT_pixel_buffer_object GL_EXT_polygon_offset_clamp GL_EXT_provoking_vertex GL_EXT_semaphore GL_EXT_semaphore_fd GL_EXT_shader_framebuffer_fetch GL_EXT_shader_framebuffer_fetch_non_coherent GL_EXT_shader_integer_mix GL_EXT_shader_samples_identical GL_EXT_texture_array GL_EXT_texture_compression_dxt1 GL_EXT_texture_compression_rgtc GL_EXT_texture_compression_s3tc GL_EXT_texture_filter_anisotropic GL_EXT_texture_integer GL_EXT_texture_sRGB GL_EXT
_texture_sRGB_R8 GL_EXT_texture_sRGB_decode GL_EXT_texture_shadow_lod GL_EXT_texture_shared_exponent GL_EXT_texture_snorm GL_EXT_texture_storage GL_EXT_texture_swizzle GL_EXT_timer_query GL_EXT_transform_feedback GL_EXT_vertex_array_bgra GL_EXT_vertex_attrib_64bit GL_IBM_multimode_draw_arrays GL_INTEL_blackhole_render GL_INTEL_conservative_rasterization GL_INTEL_performance_query GL_INTEL_shader_atomic_float_minmax GL_INTEL_shader_integer_functions2 GL_KHR_blend_equation_advanced GL_KHR_blend_equation_advanced_coherent GL_KHR_context_flush_control GL_KHR_debug GL_KHR_no_error GL_KHR_parallel_shader_compile GL_KHR_robust_buffer_access_behavior GL_KHR_robustness GL_KHR_texture_compression_astc_ldr GL_KHR_texture_compression_astc_sliced_3d GL_MESA_framebuffer_flip_y GL_MESA_pack_invert GL_MESA_shader_integer_functions GL_MESA_texture_const_bandwidth GL_MESA_texture_signed_rgba GL_NV_alpha_to_coverage_dither_control GL_NV_compute_shader_derivatives GL_NV_conditional_render GL_NV_copy_image GL_NV_depth_clamp GL_N
V_fragment_shader_interlock GL_NV_packed_depth_stencil GL_NV_texture_barrier GL_OES_EGL_image GL_S3_s3tc
OPENGL LOG: Creating OpenGL 4.6 graphics device ; Context level  <OpenGL 4.5> ; Context handle 282042368
Default vsync count 0
requesting resize 1280 x 720
resizing window to 1280 x 720
Desktop is 1366 x 768 @ 60 Hz
Desktop is 1366 x 768 @ 60 Hz
UnloadTime: 1.181181 ms
EDITOR VERSION: SquareLine_Studio - 1.5.0
 #0 PlayerMain(int, char**)
 #1 PlayerMain(int, char**)
 #2 ???
 #3 GlobalizationNative_GetTimeZoneDisplayName
 #4 mono_get_string_class
 #5 mono_get_string_class
 #6 ???
 #7 ???
 #8 ???
 #9 ???
 #10 ???
 #11 ???
 #12 ???
 #13 ???
 #14 ???
 #15 ???
 #16 ???
 #17 ???
 #18 ???
 #19 PlayerMain(int, char**)
 #20 __libc_init_first
 #21 __libc_start_main
 #22 ???

SYSTEM: Desktop / PC
 #0 PlayerMain(int, char**)
 #1 PlayerMain(int, char**)
 #2 ???
 #3 GlobalizationNative_GetTimeZoneDisplayName
 #4 mono_get_string_class
 #5 mono_get_string_class
 #6 ???
 #7 ???
 #8 ???
 #9 ???
 #10 ???
 #11 ???
 #12 ???
 #13 ???
 #14 ???
 #15 ???
 #16 ???
 #17 ???
 #18 ???
 #19 PlayerMain(int, char**)
 #20 __libc_init_first
 #21 __libc_start_main
 #22 ???

CPU: 12th Gen Intel(R) Core(TM) i5-1235U / 12 lcores  / 3880 Mhz
 #0 PlayerMain(int, char**)
 #1 PlayerMain(int, char**)
 #2 ???
 #3 GlobalizationNative_GetTimeZoneDisplayName
 #4 mono_get_string_class
 #5 mono_get_string_class
 #6 ???
 #7 ???
 #8 ???
 #9 ???
 #10 ???
 #11 ???
 #12 ???
 #13 ???
 #14 ???
 #15 ???
 #16 ???
 #17 ???
 #18 ???
 #19 PlayerMain(int, char**)
 #20 __libc_init_first
 #21 __libc_start_main
 #22 ???

RAM SIZE: 15 GB
 #0 PlayerMain(int, char**)
 #1 PlayerMain(int, char**)
 #2 ???
 #3 GlobalizationNative_GetTimeZoneDisplayName
 #4 mono_get_string_class
 #5 mono_get_string_class
 #6 ???
 #7 ???
 #8 ???
 #9 ???
 #10 ???
 #11 ???
 #12 ???
 #13 ???
 #14 ???
 #15 ???
 #16 ???
 #17 ???
 #18 ???
 #19 PlayerMain(int, char**)
 #20 __libc_init_first
 #21 __libc_start_main
 #22 ???

GPU: OpenGLCore / Mesa Intel(R) Graphics (ADL GT2)
 #0 PlayerMain(int, char**)
 #1 PlayerMain(int, char**)
 #2 ???
 #3 GlobalizationNative_GetTimeZoneDisplayName
 #4 mono_get_string_class
 #5 mono_get_string_class
 #6 ???
 #7 ???
 #8 ???
 #9 ???
 #10 ???
 #11 ???
 #12 ???
 #13 ???
 #14 ???
 #15 ???
 #16 ???
 #17 ???
 #18 ???
 #19 PlayerMain(int, char**)
 #20 __libc_init_first
 #21 __libc_start_main
 #22 ???

GPU RAM: 512 MB
 #0 PlayerMain(int, char**)
 #1 PlayerMain(int, char**)
 #2 ???
 #3 GlobalizationNative_GetTimeZoneDisplayName
 #4 mono_get_string_class
 #5 mono_get_string_class
 #6 ???
 #7 ???
 #8 ???
 #9 ???
 #10 ???
 #11 ???
 #12 ???
 #13 ???
 #14 ???
 #15 ???
 #16 ???
 #17 ???
 #18 ???
 #19 PlayerMain(int, char**)
 #20 __libc_init_first
 #21 __libc_start_main
 #22 ???

OS: Linux / Linux 6.11 Arch Linux  64bit
 #0 PlayerMain(int, char**)
 #1 PlayerMain(int, char**)
 #2 ???
 #3 GlobalizationNative_GetTimeZoneDisplayName
 #4 mono_get_string_class
 #5 mono_get_string_class
 #6 ???
 #7 ???
 #8 ???
 #9 ???
 #10 ???
 #11 ???
 #12 ???
 #13 ???
 #14 ???
 #15 ???
 #16 ???
 #17 ???
 #18 ???
 #19 PlayerMain(int, char**)
 #20 __libc_init_first
 #21 __libc_start_main
 #22 ???

*Request[0]: https://boards.squareline.io/index.json
 #0 PlayerMain(int, char**)
 #1 PlayerMain(int, char**)
 #2 ???
 #3 GlobalizationNative_GetTimeZoneDisplayName
 #4 GlobalizationNative_GetTimeZoneDisplayName
 #5 mono_get_string_class
 #6 mono_get_string_class
 #7 ???
 #8 ???
 #9 ???
 #10 ???
 #11 ???
 #12 ???
 #13 ???
 #14 mono_get_string_class
 #15 mono_get_string_class
 #16 ???
 #17 ???
 #18 ???
 #19 ???
 #20 ???
 #21 ???
 #22 ???
 #23 ???
 #24 ???
 #25 ???
 #26 ???
 #27 ???
 #28 ???
 #29 PlayerMain(int, char**)
 #30 __libc_init_first
 #31 __libc_start_main
 #32 ???

CurrentCulture converted to en-US
go back to front
*Request: https://api.squareline.io/api/studio/get_version?major_version_code=1
*Request: https://api.squareline.io/api/studio/license/get-trial
<color=#55FF55> Downloading board list</color>
*Request[0]: https://boards.squareline.io/arduino_giga_r1_wifi_and_giga_display_shield_v1_0_0/arduino_giga_r1_wifi_and_giga_display_shield.slb
*Request[1]: https://boards.squareline.io/arduino_giga_r1_wifi_and_giga_display_shield_v2_0_0/arduino_giga_r1_wifi_and_giga_display_shield.slb
*Request[2]: https://boards.squareline.io/arduino_tft_espi_v1_0_0/arduino_tft_espi.slb
*Request[3]: https://boards.squareline.io/arduino_tft_espi_v1_0_1/arduino_tft_espi.slb
*Request[4]: https://boards.squareline.io/arduino_tft_espi_v1_1_0/arduino_tft_espi.slb
*Request[5]: https://boards.squareline.io/arduino_tft_espi_v1_1_1/arduino_tft_espi.slb
*Request[6]: https://boards.squareline.io/arduino_tft_espi_v1_1_2/arduino_tft_espi.slb
*Request[7]: https://boards.squareline.io/arduino_tft_espi_v2_0_0/arduino_tft_espi.slb
*Request[8]: https://boards.squareline.io/cmake_sdl_v1_0_0/cmake_sdl.slb
*Request[9]: https://boards.squareline.io/cmake_sdl_v2_0_0/cmake_sdl.slb
*Request[9]: https://boards.squareline.io/elecrow_dis07050h_arduino_ide_v1_0_0/elecrow_dis07050h_arduino_ide.slb
*Request[9]: https://boards.squareline.io/elecrow_dis07050h_arduino_ide_v2_0_0/elecrow_dis07050h_arduino_ide.slb
*Request[9]: https://boards.squareline.io/elecrow_dis07050h_esp_idf_v1_0_0/elecrow_dis07050h_esp_idf.slb
*Request[9]: https://boards.squareline.io/elecrow_dis08070h_arduino_ide_v1_0_0/elecrow_dis08070h_arduino_ide.slb
*Request[9]: https://boards.squareline.io/elecrow_dis08070h_arduino_ide_v2_0_0/elecrow_dis08070h_arduino_ide.slb
*Request[9]: https://boards.squareline.io/elecrow_dis08070h_esp_idf_v1_0_0/elecrow_dis08070h_esp_idf.slb
*Request[9]: https://boards.squareline.io/elecrow_dlc35010r_arduino_ide_v1_0_0/elecrow_dlc35010r_arduino_ide.slb
*Request[9]: https://boards.squareline.io/elecrow_dlc35010r_arduino_ide_v2_0_0/elecrow_dlc35010r_arduino_ide.slb
*Request[9]: https://boards.squareline.io/elecrow_dlc35010r_esp_idf_v1_0_0/elecrow_dlc35010r_esp_idf.slb
*Request[9]: https://boards.squareline.io/esp32_s2_kaluga_kit_v1_0_0/esp32_s2_kaluga_kit.slb
*Request[9]: https://boards.squareline.io/esp32_s3_eye_v1_0_0/esp32_s3_eye.slb
*Request[9]: https://boards.squareline.io/esp32_s3_lcd_ev_board_v1_0_0/esp32_s3_lcd_ev_board.slb
*Request[9]: https://boards.squareline.io/esp32_s3_lcd_ev_board_v1_0_1/esp32_s3_lcd_ev_board.slb
*Request[9]: https://boards.squareline.io/esp32_s3_usb_otg_v1_0_0/esp32_s3_usb_otg.slb
*Request[9]: https://boards.squareline.io/esp_box_v1_0_0/esp_box.slb
*Request[9]: https://boards.squareline.io/esp_box_v2_0_0/esp_box.slb
*Request[9]: https://boards.squareline.io/esp_wroverkit_v1_0_0/esp_wroverkit.slb
*Request[9]: https://boards.squareline.io/esp_wroverkit_v2_0_0/esp_wroverkit.slb
*Request[9]: https://boards.squareline.io/evkmimxrt1064_v1_0_0/evkmimxrt1064.slb
*Request[9]: https://boards.squareline.io/evkmimxrt595_v1_0_0/evkmimxrt595.slb
*Request[9]: https://boards.squareline.io/evkmimxrt595_v1_0_1/evkmimxrt595.slb
*Request[9]: https://boards.squareline.io/makerfabs_e32s3rgb40_arduino_ide_v1_0_0/makerfabs_e32s3rgb40_arduino_ide.slb
*Request[9]: https://boards.squareline.io/makerfabs_e32s3rgb40_arduino_ide_v2_0_0/makerfabs_e32s3rgb40_arduino_ide.slb
*Request[9]: https://boards.squareline.io/makerfabs_e32s3rgb40_esp_idf_v1_0_0/makerfabs_e32s3rgb40_esp_idf.slb
*Request[9]: https://boards.squareline.io/makerfabs_ma1989brk_arduino_ide_v1_0_0/makerfabs_ma1989brk_arduino_ide.slb
*Request[9]: https://boards.squareline.io/makerfabs_ma1989brk_arduino_ide_v2_0_0/makerfabs_ma1989brk_arduino_ide.slb
*Request[9]: https://boards.squareline.io/makerfabs_ma1989brk_esp_idf_v1_0_0/makerfabs_ma1989brk_esp_idf.slb
*Request[9]: https://boards.squareline.io/makerfabs_mte21r0_arduino_ide_v1_0_0/makerfabs_mte21r0_arduino_ide.slb
*Request[9]: https://boards.squareline.io/makerfabs_mte21r0_arduino_ide_v2_0_0/makerfabs_mte21r0_arduino_ide.slb
*Request[9]: https://boards.squareline.io/makerfabs_mte21r0_esp_idf_v1_0_0/makerfabs_mte21r0_esp_idf.slb
*Request[9]: https://boards.squareline.io/micropython_v1_0_0/micropython.slb
*Request[9]: https://boards.squareline.io/micropython_v1_0_1/micropython.slb
*Request[9]: https://boards.squareline.io/micropython_v1_0_2/micropython.slb
*Request[9]: https://boards.squareline.io/micropython_v2_0_0/micropython.slb
*Request[9]: https://boards.squareline.io/nk-980iotg2d_v1_0_0/nk-980iotg2d.slb
*Request[9]: https://boards.squareline.io/numaker-hmi-m467_v1_0_0/numaker-hmi-m467.slb
*Request[9]: https://boards.squareline.io/numaker-hmi-ma35d1_v1_0_0/numaker-hmi-ma35d1.slb
*Request[9]: https://boards.squareline.io/numaker-hmi-n9h30_v1_0_0/numaker-hmi-n9h30.slb
*Request[9]: https://boards.squareline.io/raspberry_pi_pico_v1_0_0/raspberry_pi_pico.slb
*Request[9]: https://boards.squareline.io/raspberry_pi_pico_v2_0_0/raspberry_pi_pico.slb
*Request[9]: https://boards.squareline.io/raspberry_pi_v1_0_0/raspberry_pi.slb
*Request[9]: https://boards.squareline.io/raspberry_pi_v1_0_1/raspberry_pi.slb
*Request[9]: https://boards.squareline.io/raspberry_pi_v2_0_0/raspberry_pi.slb
*Request[9]: https://boards.squareline.io/renesas_ek_ra6m3g_v2_0_0/renesas_ek_ra6m3g.slb
*Request[9]: https://boards.squareline.io/renesas_ek_ra8d1_v2_0_0/renesas_ek_ra8d1.slb
*Request[9]: https://boards.squareline.io/renesas_rx72n_envision_kit_v2_0_0/renesas_rx72n_envision_kit.slb
*Request[9]: https://boards.squareline.io/sensecap_indicator_v1_0_0/sensecap_indicator.slb
*Request[9]: https://boards.squareline.io/sim_sdl_eclipse_v1_0_0/sim_sdl_eclipse.slb
*Request[9]: https://boards.squareline.io/sim_sdl_eclipse_v1_0_1/sim_sdl_eclipse.slb
*Request[9]: https://boards.squareline.io/sim_sdl_eclipse_v1_0_2/sim_sdl_eclipse.slb
*Request[9]: https://boards.squareline.io/sim_sdl_eclipse_v2_0_0/sim_sdl_eclipse.slb
*Request[9]: https://boards.squareline.io/stm32h7b3i_v1_0_0/stm32h7b3i.slb
*Request[9]: https://boards.squareline.io/visual_studio_v1_0_0/visual_studio.slb
*Request[9]: https://boards.squareline.io/visual_studio_v1_0_1/visual_studio.slb
*Request[9]: https://boards.squareline.io/visual_studio_v1_0_2/visual_studio.slb
*Request[9]: https://boards.squareline.io/visual_studio_v1_0_3/visual_studio.slb
*Request[9]: https://boards.squareline.io/visual_studio_v2_0_0/visual_studio.slb
*Request[9]: https://boards.squareline.io/vs_code_sdl_v1_0_0/vs_code_sdl.slb
*Request[9]: https://boards.squareline.io/vs_code_sdl_v1_0_1/vs_code_sdl.slb
*Request[9]: https://boards.squareline.io/vs_code_sdl_v1_0_2/vs_code_sdl.slb
*Request[9]: https://boards.squareline.io/vs_code_sdl_v2_0_0/vs_code_sdl.slb
Data is null!
 #0 PlayerMain(int, char**)
 #1 PlayerMain(int, char**)
 #2 ???
 #3 GlobalizationNative_GetTimeZoneDisplayName
 #4 mono_get_string_class
 #5 mono_get_string_class
 #6 ???
 #7 ???
 #8 ???
 #9 ???
 #10 ???
 #11 ???
 #12 ???
 #13 PlayerMain(int, char**)
 #14 __libc_init_first
 #15 __libc_start_main
 #16 ???

*Request[8]: https://boards.squareline.io/arduino_tft_espi_v1_1_2/arduino_tft_espi.png
*Request[8]: https://boards.squareline.io/arduino_giga_r1_wifi_and_giga_display_shield_v1_0_0/arduino_giga_r1_wifi_and_giga_display_shield.png
*Request[8]: https://boards.squareline.io/arduino_tft_espi_v2_0_0/arduino_tft_espi.png
*Request[8]: https://boards.squareline.io/arduino_tft_espi_v1_1_0/arduino_tft_espi.png
*Request[8]: https://boards.squareline.io/cmake_sdl_v1_0_0/cmake_sdl.png
*Request[8]: https://boards.squareline.io/arduino_tft_espi_v1_1_1/arduino_tft_espi.png
*Request[8]: https://boards.squareline.io/arduino_tft_espi_v1_0_0/arduino_tft_espi.png
*Request[8]: https://boards.squareline.io/arduino_tft_espi_v1_0_1/arduino_tft_espi.png
*Request[8]: https://boards.squareline.io/arduino_giga_r1_wifi_and_giga_display_shield_v2_0_0/arduino_giga_r1_wifi_and_giga_display_shield.png
*Request[1]: https://boards.squareline.io/cmake_sdl_v2_0_0/cmake_sdl.png
*Request[8]: https://boards.squareline.io/elecrow_dis07050h_arduino_ide_v1_0_0/elecrow_dis07050h_arduino_ide.png
*Request[8]: https://boards.squareline.io/elecrow_dis07050h_arduino_ide_v2_0_0/elecrow_dis07050h_arduino_ide.png
*Request[7]: https://boards.squareline.io/elecrow_dis07050h_esp_idf_v1_0_0/elecrow_dis07050h_esp_idf.png
*Request[7]: https://boards.squareline.io/elecrow_dis08070h_esp_idf_v1_0_0/elecrow_dis08070h_esp_idf.png
*Request[7]: https://boards.squareline.io/elecrow_dlc35010r_arduino_ide_v1_0_0/elecrow_dlc35010r_arduino_ide.png
*Request[7]: https://boards.squareline.io/elecrow_dlc35010r_arduino_ide_v2_0_0/elecrow_dlc35010r_arduino_ide.png
*Request[7]: https://boards.squareline.io/elecrow_dis08070h_arduino_ide_v1_0_0/elecrow_dis08070h_arduino_ide.png
*Request[7]: https://boards.squareline.io/elecrow_dis08070h_arduino_ide_v2_0_0/elecrow_dis08070h_arduino_ide.png
*Request[8]: https://boards.squareline.io/elecrow_dlc35010r_esp_idf_v1_0_0/elecrow_dlc35010r_esp_idf.png
*Request[8]: https://boards.squareline.io/esp32_s2_kaluga_kit_v1_0_0/esp32_s2_kaluga_kit.png
*Request[8]: https://boards.squareline.io/esp32_s3_usb_otg_v1_0_0/esp32_s3_usb_otg.png
*Request[8]: https://boards.squareline.io/esp32_s3_eye_v1_0_0/esp32_s3_eye.png
*Request[8]: https://boards.squareline.io/esp32_s3_lcd_ev_board_v1_0_0/esp32_s3_lcd_ev_board.png
*Request[8]: https://boards.squareline.io/esp_box_v2_0_0/esp_box.png
*Request[8]: https://boards.squareline.io/esp_wroverkit_v1_0_0/esp_wroverkit.png
*Request[8]: https://boards.squareline.io/esp_box_v1_0_0/esp_box.png
*Request[8]: https://boards.squareline.io/esp32_s3_lcd_ev_board_v1_0_1/esp32_s3_lcd_ev_board.png
*Request[8]: https://boards.squareline.io/esp_wroverkit_v2_0_0/esp_wroverkit.png
*Request[6]: https://boards.squareline.io/evkmimxrt1064_v1_0_0/evkmimxrt1064.png
*Request[6]: https://boards.squareline.io/evkmimxrt595_v1_0_1/evkmimxrt595.png
*Request[6]: https://boards.squareline.io/makerfabs_e32s3rgb40_arduino_ide_v2_0_0/makerfabs_e32s3rgb40_arduino_ide.png
*Request[6]: https://boards.squareline.io/makerfabs_e32s3rgb40_esp_idf_v1_0_0/makerfabs_e32s3rgb40_esp_idf.png
*Request[6]: https://boards.squareline.io/makerfabs_ma1989brk_arduino_ide_v1_0_0/makerfabs_ma1989brk_arduino_ide.png
*Request[8]: https://boards.squareline.io/makerfabs_e32s3rgb40_arduino_ide_v1_0_0/makerfabs_e32s3rgb40_arduino_ide.png
*Request[8]: https://boards.squareline.io/evkmimxrt595_v1_0_0/evkmimxrt595.png
*Request[7]: https://boards.squareline.io/makerfabs_ma1989brk_arduino_ide_v2_0_0/makerfabs_ma1989brk_arduino_ide.png
*Request[6]: https://boards.squareline.io/makerfabs_ma1989brk_esp_idf_v1_0_0/makerfabs_ma1989brk_esp_idf.png
*Request[4]: https://boards.squareline.io/makerfabs_mte21r0_arduino_ide_v1_0_0/makerfabs_mte21r0_arduino_ide.png
*Request[7]: https://boards.squareline.io/makerfabs_mte21r0_arduino_ide_v2_0_0/makerfabs_mte21r0_arduino_ide.png
*Request[5]: https://boards.squareline.io/makerfabs_mte21r0_esp_idf_v1_0_0/makerfabs_mte21r0_esp_idf.png
*Request[5]: https://boards.squareline.io/micropython_v1_0_1/micropython.png
*Request[5]: https://boards.squareline.io/micropython_v1_0_2/micropython.png
*Request[5]: https://boards.squareline.io/micropython_v1_0_0/micropython.png
*Request[5]: https://boards.squareline.io/nk-980iotg2d_v1_0_0/nk-980iotg2d.png
*Request[4]: https://boards.squareline.io/micropython_v2_0_0/micropython.png
*Request[3]: https://boards.squareline.io/numaker-hmi-m467_v1_0_0/numaker-hmi-m467.png
*Request[7]: https://boards.squareline.io/raspberry_pi_pico_v1_0_0/raspberry_pi_pico.png
*Request[7]: https://boards.squareline.io/numaker-hmi-n9h30_v1_0_0/numaker-hmi-n9h30.png
*Request[7]: https://boards.squareline.io/raspberry_pi_pico_v2_0_0/raspberry_pi_pico.png
*Request[7]: https://boards.squareline.io/raspberry_pi_v1_0_0/raspberry_pi.png
*Request[6]: https://boards.squareline.io/numaker-hmi-ma35d1_v1_0_0/numaker-hmi-ma35d1.png
*Request[6]: https://boards.squareline.io/raspberry_pi_v1_0_1/raspberry_pi.png
*Request[6]: https://boards.squareline.io/raspberry_pi_v2_0_0/raspberry_pi.png
*Request[4]: https://boards.squareline.io/renesas_ek_ra8d1_v2_0_0/renesas_ek_ra8d1.png
*Request[8]: https://boards.squareline.io/renesas_ek_ra6m3g_v2_0_0/renesas_ek_ra6m3g.png
*Request[7]: https://boards.squareline.io/renesas_rx72n_envision_kit_v2_0_0/renesas_rx72n_envision_kit.png
*Request[7]: https://boards.squareline.io/sim_sdl_eclipse_v1_0_1/sim_sdl_eclipse.png
*Request[7]: https://boards.squareline.io/sensecap_indicator_v1_0_0/sensecap_indicator.png
*Request[6]: https://boards.squareline.io/sim_sdl_eclipse_v2_0_0/sim_sdl_eclipse.png
*Request[6]: https://boards.squareline.io/sim_sdl_eclipse_v1_0_0/sim_sdl_eclipse.png
*Request[8]: https://boards.squareline.io/visual_studio_v1_0_0/visual_studio.png
*Request[8]: https://boards.squareline.io/stm32h7b3i_v1_0_0/stm32h7b3i.png
*Request[7]: https://boards.squareline.io/visual_studio_v2_0_0/visual_studio.png
*Request[7]: https://boards.squareline.io/visual_studio_v1_0_1/visual_studio.png
*Request[7]: https://boards.squareline.io/visual_studio_v1_0_2/visual_studio.png
*Request[7]: https://boards.squareline.io/visual_studio_v1_0_3/visual_studio.png
*Request[7]: https://boards.squareline.io/vs_code_sdl_v1_0_0/vs_code_sdl.png
*Request[7]: https://boards.squareline.io/vs_code_sdl_v1_0_1/vs_code_sdl.png
*Request[3]: https://boards.squareline.io/vs_code_sdl_v1_0_2/vs_code_sdl.png
*Request[1]: https://boards.squareline.io/vs_code_sdl_v2_0_0/vs_code_sdl.png
<color=#55FF55> Downloading missing Board binary</color>
*Request[0]: https://boards.squareline.io/cmake_sdl_v1_0_0.zip
Undo Save Time: 0
Undo Save Time: 0
Select : Screen1
Undo Save Time: 0
Checking free port 20085
20085: True
StartServer
Start lvgl server from: /home/lufimio/Downloads/SquareLine_Studio_Linux_v1_5_0/SquareLine_Studio_Data/../lvgl/lvgl_v8_3_11/server/
Try to start lvgl server from: /home/lufimio/Downloads/SquareLine_Studio_Linux_v1_5_0/SquareLine_Studio_Data/../lvgl/lvgl_v8_3_11/server/ with arguments: -X heapsize=512m server.py 480 240 20085 "/tmp/SquareLine Kft_/SquareLine_Studio"
Try to start lvgl server on port: 20085
<color=#5599FF><b>SERVER:</b> Production</color>
<color=#5599FF><b>SERVER:</b> Debug mode</color>
<color=#5599FF><b>SERVER:</b> Listening on 127.0.0.1:20085</color>
<color=#5599FF><b>SERVER:</b> Free memory: 530619168</color>
<color=#5599FF><b>SERVER:</b> Temp dir: /tmp/SquareLine Kft_/SquareLine_Studio</color>
Connect to 127.0.0.1  on port 20085
<color=#5599FF><b>SERVER:</b> Client connected from 127.0.0.1:39368</color>
Start full rebuild: Connected to the server
Connection success
Refresh image list!
Refresh images time: 0.063
Render screen: ui_Screen1
<color=#5599FF><b>SERVER:</b> Load screen_global:ui_Screen1 </color>
Select : Screen1
Refresh image list!
Refresh images time: 0.094
Connection closed
StopServer
Method: GetProcessExitCode, Exception: Process must exit before requested information can be determined.
Memory Statistics:
[ALLOC_TEMP_TLS] TLS Allocator
  StackAllocators : 
    [ALLOC_TEMP_MAIN]
      Peak usage frame count: [0-1.0 KB]: 8465 frames, [1.0 KB-2.0 KB]: 12 frames, [2.0 KB-4.0 KB]: 6 frames, [4.0 KB-8.0 KB]: 40 frames, [8.0 KB-16.0 KB]: 61 frames, [16.0 KB-32.0 KB]: 8 frames, [32.0 KB-64.0 KB]: 235 frames, [64.0 KB-128.0 KB]: 40 frames, [128.0 KB-256.0 KB]: 25 frames, [256.0 KB-0.5 MB]: 1 frames, [0.5 MB-1.0 MB]: 1 frames, [2.0 MB-4.0 MB]: 1 frames
      Initial Block Size 4.0 MB
      Current Block Size 4.0 MB
      Peak Allocated Bytes 2.0 MB
      Overflow Count 0
    [ALLOC_TEMP_Loading.AsyncRead]
      Initial Block Size 64.0 KB
      Current Block Size 64.0 KB
      Peak Allocated Bytes 256 B
      Overflow Count 0
    [ALLOC_TEMP_Loading.PreloadManager]
      Initial Block Size 256.0 KB
      Current Block Size 0.5 MB
      Peak Allocated Bytes 355.5 KB
      Overflow Count 40
    [ALLOC_TEMP_Background Job.Worker 8]
      Initial Block Size 32.0 KB
      Current Block Size 32.0 KB
      Peak Allocated Bytes 65 B
      Overflow Count 0
    [ALLOC_TEMP_Job.Worker 6]
      Initial Block Size 256.0 KB
      Current Block Size 272.0 KB
      Peak Allocated Bytes 134.5 KB
      Overflow Count 0
    [ALLOC_TEMP_Job.Worker 0]
      Initial Block Size 256.0 KB
      Current Block Size 272.0 KB
      Peak Allocated Bytes 134.9 KB
      Overflow Count 0
    [ALLOC_TEMP_Background Job.Worker 10]
      Initial Block Size 32.0 KB
      Current Block Size 32.0 KB
      Peak Allocated Bytes 65 B
      Overflow Count 0
    [ALLOC_TEMP_Background Job.Worker 9]
      Initial Block Size 32.0 KB
      Current Block Size 32.0 KB
      Peak Allocated Bytes 65 B
      Overflow Count 0
    [ALLOC_TEMP_Job.Worker 5]
      Initial Block Size 256.0 KB
      Current Block Size 272.0 KB
      Peak Allocated Bytes 134.9 KB
      Overflow Count 0
    [ALLOC_TEMP_Background Job.Worker 14]
      Initial Block Size 32.0 KB
      Current Block Size 32.0 KB
      Peak Allocated Bytes 65 B
      Overflow Count 0
    [ALLOC_TEMP_Background Job.Worker 6]
      Initial Block Size 32.0 KB
      Current Block Size 32.0 KB
      Peak Allocated Bytes 65 B
      Overflow Count 0
    [ALLOC_TEMP_Job.Worker 4]
      Initial Block Size 256.0 KB
      Current Block Size 276.0 KB
      Peak Allocated Bytes 135.5 KB
      Overflow Count 0
    [ALLOC_TEMP_Job.Worker 3]
      Initial Block Size 256.0 KB
      Current Block Size 276.0 KB
      Peak Allocated Bytes 135.5 KB
      Overflow Count 0
    [ALLOC_TEMP_Background Job.Worker 12]
      Initial Block Size 32.0 KB
      Current Block Size 32.0 KB
      Peak Allocated Bytes 65 B
      Overflow Count 0
    [ALLOC_TEMP_EnlightenWorker] x 3
      Initial Block Size 64.0 KB
      Current Block Size 64.0 KB
      Peak Allocated Bytes 0 B
      Overflow Count 0
    [ALLOC_TEMP_Background Job.Worker 15]
      Initial Block Size 32.0 KB
      Current Block Size 32.0 KB
      Peak Allocated Bytes 65 B
      Overflow Count 0
    [ALLOC_TEMP_Background Job.Worker 1]
      Initial Block Size 32.0 KB
      Current Block Size 32.0 KB
      Peak Allocated Bytes 65 B
      Overflow Count 0
    [ALLOC_TEMP_Background Job.Worker 2]
      Initial Block Size 32.0 KB
      Current Block Size 32.0 KB
      Peak Allocated Bytes 65 B
      Overflow Count 0
    [ALLOC_TEMP_Background Job.Worker 7]
      Initial Block Size 32.0 KB
      Current Block Size 32.0 KB
      Peak Allocated Bytes 65 B
      Overflow Count 0
    [ALLOC_TEMP_UnityGfxDeviceWorker]
      Initial Block Size 256.0 KB
      Current Block Size 448.0 KB
      Peak Allocated Bytes 445.3 KB
      Overflow Count 0
    [ALLOC_TEMP_AssetGarbageCollectorHelper] x 11
      Initial Block Size 64.0 KB
      Current Block Size 64.0 KB
      Peak Allocated Bytes 0 B
      Overflow Count 0
    [ALLOC_TEMP_Background Job.Worker 5]
      Initial Block Size 32.0 KB
      Current Block Size 32.0 KB
      Peak Allocated Bytes 65 B
      Overflow Count 0
    [ALLOC_TEMP_Job.Worker 9]
      Initial Block Size 256.0 KB
      Current Block Size 276.0 KB
      Peak Allocated Bytes 135.5 KB
      Overflow Count 0
    [ALLOC_TEMP_Background Job.Worker 13]
      Initial Block Size 32.0 KB
      Current Block Size 32.0 KB
      Peak Allocated Bytes 65 B
      Overflow Count 0
    [ALLOC_TEMP_Job.Worker 8]
      Initial Block Size 256.0 KB
      Current Block Size 268.0 KB
      Peak Allocated Bytes 132.9 KB
      Overflow Count 0
    [ALLOC_TEMP_Job.Worker 7]
      Initial Block Size 256.0 KB
      Current Block Size 272.0 KB
      Peak Allocated Bytes 135.0 KB
      Overflow Count 0
    [ALLOC_TEMP_Job.Worker 1]
      Initial Block Size 256.0 KB
      Current Block Size 272.0 KB
      Peak Allocated Bytes 134.9 KB
      Overflow Count 0
    [ALLOC_TEMP_Job.Worker 2]
      Initial Block Size 256.0 KB
      Current Block Size 276.0 KB
      Peak Allocated Bytes 135.5 KB
      Overflow Count 0
    [ALLOC_TEMP_Background Job.Worker 3]
      Initial Block Size 32.0 KB
      Current Block Size 32.0 KB
      Peak Allocated Bytes 65 B
      Overflow Count 1
    [ALLOC_TEMP_Background Job.Worker 11]
      Initial Block Size 32.0 KB
      Current Block Size 32.0 KB
      Peak Allocated Bytes 65 B
      Overflow Count 0
    [ALLOC_TEMP_Job.Worker 10]
      Initial Block Size 256.0 KB
      Current Block Size 272.0 KB
      Peak Allocated Bytes 134.9 KB
      Overflow Count 0
    [ALLOC_TEMP_Background Job.Worker 0]
      Initial Block Size 32.0 KB
      Current Block Size 32.0 KB
      Peak Allocated Bytes 65 B
      Overflow Count 0
    [ALLOC_TEMP_Background Job.Worker 4]
      Initial Block Size 32.0 KB
      Current Block Size 32.0 KB
      Peak Allocated Bytes 65 B
      Overflow Count 0
    [ALLOC_TEMP_BatchDeleteObjects]
      Initial Block Size 64.0 KB
      Current Block Size 64.0 KB
      Peak Allocated Bytes 0 B
      Overflow Count 0
[ALLOC_DEFAULT] Dual Thread Allocator
  Peak main deferred allocation count 9365
    [ALLOC_BUCKET]
      Large Block size 4.0 MB
      Used Block count 1
      Peak Allocated bytes 3.2 MB
    [ALLOC_DEFAULT_MAIN]
      Peak usage frame count: [8.0 MB-16.0 MB]: 1393 frames, [16.0 MB-32.0 MB]: 7502 frames
      Requested Block Size 16.0 MB
      Peak Block count 2
      Peak Allocated memory 28.4 MB
      Peak Large allocation bytes 16.0 MB
    [ALLOC_DEFAULT_THREAD]
      Peak usage frame count: [2.0 MB-4.0 MB]: 8826 frames, [16.0 MB-32.0 MB]: 1 frames, [32.0 MB-64.0 MB]: 68 frames
      Requested Block Size 16.0 MB
      Peak Block count 1
      Peak Allocated memory 32.9 MB
      Peak Large allocation bytes 29.5 MB
[ALLOC_TEMP_JOB_1_FRAME]
  Initial Block Size 2.0 MB
  Used Block Count 1
  Overflow Count (too large) 0
  Overflow Count (full) 0
[ALLOC_TEMP_JOB_2_FRAMES]
  Initial Block Size 2.0 MB
  Used Block Count 1
  Overflow Count (too large) 0
  Overflow Count (full) 0
[ALLOC_TEMP_JOB_4_FRAMES (JobTemp)]
  Initial Block Size 2.0 MB
  Used Block Count 2
  Overflow Count (too large) 0
  Overflow Count (full) 0
[ALLOC_TEMP_JOB_ASYNC (Background)]
  Initial Block Size 1.0 MB
  Used Block Count 3
  Overflow Count (too large) 0
  Overflow Count (full) 0
[ALLOC_GFX] Dual Thread Allocator
  Peak main deferred allocation count 3
    [ALLOC_BUCKET]
      Large Block size 4.0 MB
      Used Block count 1
      Peak Allocated bytes 3.2 MB
    [ALLOC_GFX_MAIN]
      Peak usage frame count: [0.5 MB-1.0 MB]: 55 frames, [1.0 MB-2.0 MB]: 433 frames, [16.0 MB-32.0 MB]: 906 frames, [64.0 MB-128.0 MB]: 7501 frames
      Requested Block Size 16.0 MB
      Peak Block count 5
      Peak Allocated memory 78.6 MB
      Peak Large allocation bytes 0 B
    [ALLOC_GFX_THREAD]
      Peak usage frame count: [64.0 KB-128.0 KB]: 8895 frames
      Requested Block Size 16.0 MB
      Peak Block count 1
      Peak Allocated memory 77.4 KB
      Peak Large allocation bytes 0 B
[ALLOC_CACHEOBJECTS] Dual Thread Allocator
  Peak main deferred allocation count 0
    [ALLOC_BUCKET]
      Large Block size 4.0 MB
      Used Block count 1
      Peak Allocated bytes 3.2 MB
    [ALLOC_CACHEOBJECTS_MAIN]
      Peak usage frame count: [1.0 MB-2.0 MB]: 8894 frames, [2.0 MB-4.0 MB]: 1 frames
      Requested Block Size 4.0 MB
      Peak Block count 1
      Peak Allocated memory 2.4 MB
      Peak Large allocation bytes 0 B
    [ALLOC_CACHEOBJECTS_THREAD]
      Peak usage frame count: [2.0 MB-4.0 MB]: 8894 frames, [8.0 MB-16.0 MB]: 1 frames
      Requested Block Size 4.0 MB
      Peak Block count 3
      Peak Allocated memory 9.0 MB
      Peak Large allocation bytes 0 B
[ALLOC_TYPETREE] Dual Thread Allocator
  Peak main deferred allocation count 0
    [ALLOC_BUCKET]
      Large Block size 4.0 MB
      Used Block count 1
      Peak Allocated bytes 3.2 MB
    [ALLOC_TYPETREE_MAIN]
      Peak usage frame count: [0-1.0 KB]: 8895 frames
      Requested Block Size 2.0 MB
      Peak Block count 1
      Peak Allocated memory 1.1 KB
      Peak Large allocation bytes 0 B
    [ALLOC_TYPETREE_THREAD]
      Peak usage frame count: [16.0 KB-32.0 KB]: 8895 frames
      Requested Block Size 2.0 MB
      Peak Block count 1
      Peak Allocated memory 21.2 KB
      Peak Large allocation bytes 0 B
